Logging started @ 2018-05-25 10:08
DLL Compiled: Apr 20 2018 17:25:02

Firmware: J-Link OB-STM32F072-CortexM compiled Mar  8 2020 11:15:54
Hardware: V1.00
S/N: 17101600
Feature(s): GDB, RDI, FlashBP, FlashDL, JFlash, RDDI
TELNET listener socket opened on port 19021WEBSRV 
Starting webserver (0009ms, 0012ms total)
T27B4 000:003 WEBSRV Webserver running on local port 19080 (0010ms, 0013ms total)
T27B4 000:003   returns O.K. (0010ms, 0013ms total)
T27B4 000:013 JLINK_ExecCommand("ProjectFile = F:\Proj_IMXRT\KSDK2_MCIMXRT1052\iar\settings\KSDK2_MCIMXRT1052_DEBUG_SDRAM.jlink", ...). Ref file found at: C:\Program Files (x86)\IAR Systems\Embedded Workbench 8.0\arm\bin\JLinkDevices.ref (0107ms, 0120ms total)
T27B4 000:013 XML referenced by ref file: C:\Program Files (x86)\SEGGER\JLink_V632\JLinkDevices.xml (0107ms, 0120ms total)
T27B4 000:013 C:\Program Files (x86)\SEGGER\JLink_V632\JLinkDevices.xml evaluated successfully.Device "MCIMXRT1052" selected.  returns 0x00 (0232ms, 0245ms total)
T27B4 000:245 JLINK_ExecCommand("device = MIMXRT1052xxx5A", ...). Device "MCIMXRT1052" selected.  returns 0x00 (0011ms, 0256ms total)
T27B4 000:256 JLINK_GetDLLVersion()  returns 63200 (0000ms, 0256ms total)
T27B4 000:256 JLINK_GetCompileDateTime() (0000ms, 0256ms total)
T27B4 000:256 JLINK_GetFirmwareString(...) (0000ms, 0256ms total)
T27B4 000:256 JLINK_TIF_Select(JLINKARM_TIF_SWD)  returns 0x00 (0000ms, 0256ms total)
T27B4 000:256 JLINK_SelectDeviceFamily(14) (0000ms, 0256ms total)
T27B4 000:256 JLINK_SetSpeed(2000) (0001ms, 0257ms total)
T27B4 000:257 JLINK_ExecCommand("SetResetType = 2", ...).   returns 0x00 (0000ms, 0257ms total)
T27B4 000:257 JLINK_ExecCommand("SetResetPulseLen = 200", ...).   returns 0x14 (0000ms, 0257ms total)
T27B4 000:257 JLINK_SetResetDelay(0) (0000ms, 0257ms total)
T27B4 000:257 JLINK_ResetPullsRESET(ON) (0000ms, 0257ms total)
T27B4 000:257 JLINK_Reset() >0x10B TIF>Found SW-DP with ID 0x0BD11477 >0x0D TIF> >0x28 TIF> >0x0D TIF> >0x28 TIF> >0x0D TIF> >0x28 TIF> >0x0D TIF> >0x28 TIF> >0x0D TIF> >0x21 TIF> >0x0D TIF> >0x28 TIF>Scanning AP map to find all available APs >0x0D TIF> >0x28 TIF> >0x0D TIF> >0x21 TIF> >0x0D TIF> >0x21 TIF> >0x0D TIF> >0x28 TIF> >0x0D TIF> >0x21 TIF> >0x0D TIF> >0x21 TIF>AP[1]: Stopped AP scan as end of AP map has been reachedAP[0]: AHB-AP (IDR: 0x04770041)Iterating through AP map to find AHB-AP to use
 >0x42 TIF> >0x28 TIF> >0x0D TIF> >0x28 TIF> >0x0D TIF> >0x21 TIF> >0x0D TIF> >0x21 TIF> >0x42 TIF> >0x28 TIF> >0x0D TIF> >0x28 TIF> >0x0D TIF> >0x28 TIF> >0x0D TIF> >0x21 TIF> >0x0D TIF> >0x21 TIF>AP[0]: Core foundAP[0]: AHB-AP ROM base: 0xE00FD000 >0x0D TIF> >0x28 TIF> >0x0D TIF> >0x28 TIF> >0x0D TIF> >0x28 TIF> >0x0D TIF> >0x21 TIF> >0x0D TIF> >0x21 TIF>CPUID register: 0x411FC271. Implementer code: 0x41 (ARM)Found Cortex-M7 r1p1, Little endian. -- CPU_ReadMem(4 bytes @ 0xE000EDF0)
 -- CPU_WriteMem(4 bytes @ 0xE000EDF0) -- CPU_ReadMem(4 bytes @ 0xE0002000)FPUnit: 8 code (BP) slots and 0 literal slots -- CPU_ReadMem(4 bytes @ 0xE000EDFC) -- CPU_WriteMem(4 bytes @ 0xE000EDFC) -- CPU_ReadMem(4 bytes @ 0xE0001000) -- CPU_WriteMem(4 bytes @ 0xE0001000) -- CPU_ReadMem(4 bytes @ 0xE000ED88) -- CPU_WriteMem(4 bytes @ 0xE000ED88) -- CPU_ReadMem(4 bytes @ 0xE000ED88) -- CPU_WriteMem(4 bytes @ 0xE000ED88)CoreSight components:ROMTbl[0] @ E00FD000 -- CPU_ReadMem(16 bytes @ 0xE00FD000)
 -- CPU_ReadMem(16 bytes @ 0xE00FEFF0) -- CPU_ReadMem(16 bytes @ 0xE00FEFE0)ROMTbl[0][0]: E00FE000, CID: B105100D, PID: 000BB4C8 ROM TableROMTbl[1] @ E00FE000 -- CPU_ReadMem(16 bytes @ 0xE00FE000) -- CPU_ReadMem(16 bytes @ 0xE00FFFF0) -- CPU_ReadMem(16 bytes @ 0xE00FFFE0)ROMTbl[1][0]: E00FF000, CID: B105100D, PID: 000BB4C7 ROM TableROMTbl[2] @ E00FF000 -- CPU_ReadMem(16 bytes @ 0xE00FF000) -- CPU_ReadMem(16 bytes @ 0xE000EFF0) -- CPU_ReadMem(16 bytes @ 0xE000EFE0)
ROMTbl[2][0]: E000E000, CID: B105E00D, PID: 000BB00C SCS-M7 -- CPU_ReadMem(16 bytes @ 0xE0001FF0) -- CPU_ReadMem(16 bytes @ 0xE0001FE0)ROMTbl[2][1]: E0001000, CID: B105E00D, PID: 000BB002 DWT -- CPU_ReadMem(16 bytes @ 0xE0002FF0) -- CPU_ReadMem(16 bytes @ 0xE0002FE0)ROMTbl[2][2]: E0002000, CID: B105E00D, PID: 000BB00E FPB-M7 -- CPU_ReadMem(16 bytes @ 0xE0000FF0) -- CPU_ReadMem(16 bytes @ 0xE0000FE0)ROMTbl[2][3]: E0000000, CID: B105E00D, PID: 000BB001 ITM -- CPU_ReadMem(16 bytes @ 0xE00FF010)
 -- CPU_ReadMem(16 bytes @ 0xE0041FF0) -- CPU_ReadMem(16 bytes @ 0xE0041FE0)ROMTbl[1][1]: E0041000, CID: B105900D, PID: 001BB975 ETM-M7 -- CPU_ReadMem(16 bytes @ 0xE0042FF0) -- CPU_ReadMem(16 bytes @ 0xE0042FE0)ROMTbl[1][2]: E0042000, CID: B105900D, PID: 004BB906 CTI -- CPU_ReadMem(16 bytes @ 0xE00FE010) -- CPU_ReadMem(16 bytes @ 0xE0040FF0) -- CPU_ReadMem(16 bytes @ 0xE0040FE0)ROMTbl[0][1]: E0040000, CID: B105900D, PID: 000BB9A9 TPIU-M7 -- CPU_ReadMem(16 bytes @ 0xE0043FF0)
 -- CPU_ReadMem(16 bytes @ 0xE0043FE0)ROMTbl[0][2]: E0043000, CID: B105F00D, PID: 001BB101 TSG -- CPU_ReadMem(16 bytes @ 0xE00FD010) -- CPU_ReadMem(4 bytes @ 0xE000ED78)Cache: Separate I- and D-cache. (0132ms, 0389ms total)
T27B4 000:257  -- CPU_WriteMem(4 bytes @ 0xE000ED84) -- CPU_ReadMem(4 bytes @ 0xE000ED80)I-Cache L1: 32 KB, 512 Sets, 32 Bytes/Line, 2-Way -- CPU_WriteMem(4 bytes @ 0xE000ED84) -- CPU_ReadMem(4 bytes @ 0xE000ED80)D-Cache L1: 32 KB, 256 Sets, 32 Bytes/Line, 4-Way -- CPU is running -- CPU_WriteMem(4 bytes @ 0xE000EDF0) -- CPU is running -- CPU_WriteMem(4 bytes @ 0xE000EDFC)Reset: Halt core after reset via DEMCR.VC_CORERESET.Reset: Reset device via reset pin
Reset: VC_CORERESET did not halt CPU. (Debug logic also reset by reset pin?).Reset: Reconnecting and manually halting CPU. >0x10B TIF>Found SW-DP with ID 0x0BD11477 >0x0D TIF> >0x28 TIF> >0x0D TIF> >0x28 TIF> >0x0D TIF> >0x28 TIF> >0x0D TIF> >0x28 TIF> >0x0D TIF> >0x21 TIF> >0x0D TIF> >0x28 TIF>AP map detection skipped. Manually configured AP map found.AP[0]: AHB-AP (IDR: Not set) >0x42 TIF> >0x28 TIF> >0x0D TIF> >0x28 TIF> >0x0D TIF> >0x21 TIF> >0x0D TIF> >0x21 TIF> >0x42 TIF> >0x28 TIF> >0x0D TIF>
 >0x28 TIF> >0x0D TIF> >0x28 TIF> >0x0D TIF> >0x21 TIF> >0x0D TIF> >0x21 TIF>AP[0]: Core foundAP[0]: AHB-AP ROM base: 0xE00FD000 >0x0D TIF> >0x28 TIF> >0x0D TIF> >0x28 TIF> >0x0D TIF> >0x28 TIF> >0x0D TIF> >0x21 TIF> >0x0D TIF> >0x21 TIF>CPUID register: 0x411FC271. Implementer code: 0x41 (ARM)Found Cortex-M7 r1p1, Little endian. -- CPU_WriteMem(4 bytes @ 0xE000EDFC) -- CPU_ReadMem(4 bytes @ 0xE000EDF0) -- CPU_WriteMem(4 bytes @ 0xE000EDF0) -- CPU_WriteMem(4 bytes @ 0xE000EDFC)
Reset: Halt core after reset via DEMCR.VC_CORERESET. >0x35 TIF>Reset: Reset device via AIRCR.VECTRESET. -- CPU_WriteMem(4 bytes @ 0xE000ED0C) -- CPU_ReadMem(4 bytes @ 0xE000EDF0) -- CPU_ReadMem(4 bytes @ 0xE000EDF0) -- CPU_WriteMem(4 bytes @ 0xE000EDF0) -- CPU_WriteMem(4 bytes @ 0xE000EDFC) -- CPU_ReadMem(4 bytes @ 0xE000EDF0) -- CPU_WriteMem(4 bytes @ 0xE0002000) -- CPU_ReadMem(4 bytes @ 0xE000EDFC) -- CPU_ReadMem(4 bytes @ 0xE0001000) -- CPU_WriteMem(4 bytes @ 0xE0001000) (0573ms, 0830ms total)
T27B4 000:830 JLINK_IsHalted()  returns TRUE (0000ms, 0830ms total)
T27B4 000:830 JLINK_Halt()  returns 0x00 (0000ms, 0830ms total)
T27B4 000:830 JLINK_ReadMemU32(0xE000ED00, 0x0001 Items, ...) -- CPU_ReadMem(4 bytes @ 0xE000ED00) - Data: 71 C2 1F 41  returns 0x01 (0001ms, 0831ms total)
T27B4 000:831 JLINK_ReadMemU32(0xE00FE000, 0x0001 Items, ...) -- CPU_ReadMem(4 bytes @ 0xE00FE000) - Data: 03 10 00 00  returns 0x01 (0000ms, 0831ms total)
T27B4 000:831 JLINK_ReadMemU32(0xE00FE004, 0x0001 Items, ...) -- CPU_ReadMem(4 bytes @ 0xE00FE004) - Data: 03 30 F4 FF  returns 0x01 (0001ms, 0832ms total)
T27B4 000:832 JLINK_ReadMemU32(0xE00FE008, 0x0001 Items, ...) -- CPU_ReadMem(4 bytes @ 0xE00FE008) - Data: 03 40 F4 FF  returns 0x01 (0000ms, 0832ms total)
T27B4 000:832 JLINK_ReadMemU32(0xE00FF000, 0x0001 Items, ...) -- CPU_ReadMem(4 bytes @ 0xE00FF000) - Data: 03 F0 F0 FF  returns 0x01 (0001ms, 0833ms total)
T27B4 000:833 JLINK_ReadMemU32(0xE00FF004, 0x0001 Items, ...) -- CPU_ReadMem(4 bytes @ 0xE00FF004) - Data: 03 20 F0 FF  returns 0x01 (0000ms, 0833ms total)
T27B4 000:833 JLINK_ReadMemU32(0xE00FF008, 0x0001 Items, ...) -- CPU_ReadMem(4 bytes @ 0xE00FF008) - Data: 03 30 F0 FF  returns 0x01 (0001ms, 0834ms total)
T27B4 000:834 JLINK_ReadMemU32(0xE00FF00C, 0x0001 Items, ...) -- CPU_ReadMem(4 bytes @ 0xE00FF00C) - Data: 03 10 F0 FF  returns 0x01 (0000ms, 0834ms total)
T27B4 000:834 JLINK_ReadMemU32(0xE00FF010, 0x0001 Items, ...) -- CPU_ReadMem(4 bytes @ 0xE00FF010) - Data: 02 10 F4 FF  returns 0x01 (0000ms, 0834ms total)
T27B4 000:834 JLINK_ReadMemU32(0xE00FF014, 0x0001 Items, ...) -- CPU_ReadMem(4 bytes @ 0xE00FF014) - Data: 02 20 F4 FF  returns 0x01 (0001ms, 0835ms total)
T27B4 000:835 JLINK_ReadMemU32(0xE00FF018, 0x0001 Items, ...) -- CPU_ReadMem(4 bytes @ 0xE00FF018) - Data: 00 00 00 00  returns 0x01 (0000ms, 0835ms total)
T27B4 000:835 JLINK_ReadMemU32(0xE00FEFD0, 0x0001 Items, ...) -- CPU_ReadMem(4 bytes @ 0xE00FEFD0) - Data: 04 00 00 00  returns 0x01 (0001ms, 0836ms total)
T27B4 000:836 JLINK_ReadMemU32(0xE00FEFD4, 0x0001 Items, ...) -- CPU_ReadMem(4 bytes @ 0xE00FEFD4) - Data: 00 00 00 00  returns 0x01 (0000ms, 0836ms total)
T27B4 000:836 JLINK_ReadMemU32(0xE00FEFD8, 0x0001 Items, ...) -- CPU_ReadMem(4 bytes @ 0xE00FEFD8) - Data: 00 00 00 00  returns 0x01 (0001ms, 0837ms total)
T27B4 000:837 JLINK_ReadMemU32(0xE00FEFDC, 0x0001 Items, ...) -- CPU_ReadMem(4 bytes @ 0xE00FEFDC) - Data: 00 00 00 00  returns 0x01 (0000ms, 0837ms total)
T27B4 000:837 JLINK_ReadMemU32(0xE00FEFE0, 0x0001 Items, ...) -- CPU_ReadMem(4 bytes @ 0xE00FEFE0) - Data: C8 00 00 00  returns 0x01 (0001ms, 0838ms total)
T27B4 000:838 JLINK_ReadMemU32(0xE00FEFE4, 0x0001 Items, ...) -- CPU_ReadMem(4 bytes @ 0xE00FEFE4) - Data: B4 00 00 00  returns 0x01 (0000ms, 0838ms total)
T27B4 000:838 JLINK_ReadMemU32(0xE00FEFE8, 0x0001 Items, ...) -- CPU_ReadMem(4 bytes @ 0xE00FEFE8) - Data: 0B 00 00 00  returns 0x01 (0001ms, 0839ms total)
T27B4 000:839 JLINK_ReadMemU32(0xE00FEFEC, 0x0001 Items, ...) -- CPU_ReadMem(4 bytes @ 0xE00FEFEC) - Data: 00 00 00 00  returns 0x01 (0000ms, 0839ms total)
T27B4 000:839 JLINK_ReadMemU32(0xE00FEFF0, 0x0001 Items, ...) -- CPU_ReadMem(4 bytes @ 0xE00FEFF0) - Data: 0D 00 00 00  returns 0x01 (0001ms, 0840ms total)
T27B4 000:840 JLINK_ReadMemU32(0xE00FEFF4, 0x0001 Items, ...) -- CPU_ReadMem(4 bytes @ 0xE00FEFF4) - Data: 10 00 00 00  returns 0x01 (0000ms, 0840ms total)
T27B4 000:840 JLINK_ReadMemU32(0xE00FEFF8, 0x0001 Items, ...) -- CPU_ReadMem(4 bytes @ 0xE00FEFF8) - Data: 05 00 00 00  returns 0x01 (0001ms, 0841ms total)
T27B4 000:841 JLINK_ReadMemU32(0xE00FEFFC, 0x0001 Items, ...) -- CPU_ReadMem(4 bytes @ 0xE00FEFFC) - Data: B1 00 00 00  returns 0x01 (0000ms, 0841ms total)
T27B4 000:841 JLINK_ReadMemU32(0xE00FFFD0, 0x0001 Items, ...) -- CPU_ReadMem(4 bytes @ 0xE00FFFD0) - Data: 04 00 00 00  returns 0x01 (0001ms, 0842ms total)
T27B4 000:842 JLINK_ReadMemU32(0xE00FFFD4, 0x0001 Items, ...) -- CPU_ReadMem(4 bytes @ 0xE00FFFD4) - Data: 00 00 00 00  returns 0x01 (0000ms, 0842ms total)
T27B4 000:842 JLINK_ReadMemU32(0xE00FFFD8, 0x0001 Items, ...) -- CPU_ReadMem(4 bytes @ 0xE00FFFD8) - Data: 00 00 00 00  returns 0x01 (0001ms, 0843ms total)
T27B4 000:843 JLINK_ReadMemU32(0xE00FFFDC, 0x0001 Items, ...) -- CPU_ReadMem(4 bytes @ 0xE00FFFDC) - Data: 00 00 00 00  returns 0x01 (0000ms, 0843ms total)
T27B4 000:843 JLINK_ReadMemU32(0xE00FFFE0, 0x0001 Items, ...) -- CPU_ReadMem(4 bytes @ 0xE00FFFE0) - Data: C7 00 00 00  returns 0x01 (0000ms, 0843ms total)
T27B4 000:843 JLINK_ReadMemU32(0xE00FFFE4, 0x0001 Items, ...) -- CPU_ReadMem(4 bytes @ 0xE00FFFE4) - Data: B4 00 00 00  returns 0x01 (0001ms, 0844ms total)
T27B4 000:844 JLINK_ReadMemU32(0xE00FFFE8, 0x0001 Items, ...) -- CPU_ReadMem(4 bytes @ 0xE00FFFE8) - Data: 0B 00 00 00  returns 0x01 (0000ms, 0844ms total)
T27B4 000:845 JLINK_ReadMemU32(0xE00FFFEC, 0x0001 Items, ...) -- CPU_ReadMem(4 bytes @ 0xE00FFFEC) - Data: 00 00 00 00  returns 0x01 (0000ms, 0845ms total)
T27B4 000:845 JLINK_ReadMemU32(0xE00FFFF0, 0x0001 Items, ...) -- CPU_ReadMem(4 bytes @ 0xE00FFFF0) - Data: 0D 00 00 00  returns 0x01 (0000ms, 0845ms total)
T27B4 000:846 JLINK_ReadMemU32(0xE00FFFF4, 0x0001 Items, ...) -- CPU_ReadMem(4 bytes @ 0xE00FFFF4) - Data: 10 00 00 00  returns 0x01 (0000ms, 0846ms total)
T27B4 000:846 JLINK_ReadMemU32(0xE00FFFF8, 0x0001 Items, ...) -- CPU_ReadMem(4 bytes @ 0xE00FFFF8) - Data: 05 00 00 00  returns 0x01 (0000ms, 0846ms total)
T27B4 000:847 JLINK_ReadMemU32(0xE00FFFFC, 0x0001 Items, ...) -- CPU_ReadMem(4 bytes @ 0xE00FFFFC) - Data: B1 00 00 00  returns 0x01 (0000ms, 0847ms total)
T27B4 000:847 JLINK_ReadMemU32(0xE000EFD0, 0x0001 Items, ...) -- CPU_ReadMem(4 bytes @ 0xE000EFD0) - Data: 04 00 00 00  returns 0x01 (0000ms, 0847ms total)
T27B4 000:847 JLINK_ReadMemU32(0xE000EFD4, 0x0001 Items, ...) -- CPU_ReadMem(4 bytes @ 0xE000EFD4) - Data: 00 00 00 00  returns 0x01 (0001ms, 0848ms total)
T27B4 000:848 JLINK_ReadMemU32(0xE000EFD8, 0x0001 Items, ...) -- CPU_ReadMem(4 bytes @ 0xE000EFD8) - Data: 00 00 00 00  returns 0x01 (0000ms, 0848ms total)
T27B4 000:848 JLINK_ReadMemU32(0xE000EFDC, 0x0001 Items, ...) -- CPU_ReadMem(4 bytes @ 0xE000EFDC) - Data: 00 00 00 00  returns 0x01 (0001ms, 0849ms total)
T27B4 000:849 JLINK_ReadMemU32(0xE000EFE0, 0x0001 Items, ...) -- CPU_ReadMem(4 bytes @ 0xE000EFE0) - Data: 0C 00 00 00  returns 0x01 (0000ms, 0849ms total)
T27B4 000:849 JLINK_ReadMemU32(0xE000EFE4, 0x0001 Items, ...) -- CPU_ReadMem(4 bytes @ 0xE000EFE4) - Data: B0 00 00 00  returns 0x01 (0001ms, 0850ms total)
T27B4 000:850 JLINK_ReadMemU32(0xE000EFE8, 0x0001 Items, ...) -- CPU_ReadMem(4 bytes @ 0xE000EFE8) - Data: 0B 00 00 00  returns 0x01 (0000ms, 0850ms total)
T27B4 000:850 JLINK_ReadMemU32(0xE000EFEC, 0x0001 Items, ...) -- CPU_ReadMem(4 bytes @ 0xE000EFEC) - Data: 00 00 00 00  returns 0x01 (0001ms, 0851ms total)
T27B4 000:851 JLINK_ReadMemU32(0xE000EFF0, 0x0001 Items, ...) -- CPU_ReadMem(4 bytes @ 0xE000EFF0) - Data: 0D 00 00 00  returns 0x01 (0000ms, 0851ms total)
T27B4 000:851 JLINK_ReadMemU32(0xE000EFF4, 0x0001 Items, ...) -- CPU_ReadMem(4 bytes @ 0xE000EFF4) - Data: E0 00 00 00  returns 0x01 (0001ms, 0852ms total)
T27B4 000:852 JLINK_ReadMemU32(0xE000EFF8, 0x0001 Items, ...) -- CPU_ReadMem(4 bytes @ 0xE000EFF8) - Data: 05 00 00 00  returns 0x01 (0000ms, 0852ms total)
T27B4 000:852 JLINK_ReadMemU32(0xE000EFFC, 0x0001 Items, ...) -- CPU_ReadMem(4 bytes @ 0xE000EFFC) - Data: B1 00 00 00  returns 0x01 (0001ms, 0853ms total)
T27B4 000:853 JLINK_ReadMemU32(0xE0001FD0, 0x0001 Items, ...) -- CPU_ReadMem(4 bytes @ 0xE0001FD0) - Data: 04 00 00 00  returns 0x01 (0000ms, 0853ms total)
T27B4 000:853 JLINK_ReadMemU32(0xE0001FD4, 0x0001 Items, ...) -- CPU_ReadMem(4 bytes @ 0xE0001FD4) - Data: 00 00 00 00  returns 0x01 (0001ms, 0854ms total)
T27B4 000:854 JLINK_ReadMemU32(0xE0001FD8, 0x0001 Items, ...) -- CPU_ReadMem(4 bytes @ 0xE0001FD8) - Data: 00 00 00 00  returns 0x01 (0000ms, 0854ms total)
T27B4 000:854 JLINK_ReadMemU32(0xE0001FDC, 0x0001 Items, ...) -- CPU_ReadMem(4 bytes @ 0xE0001FDC) - Data: 00 00 00 00  returns 0x01 (0000ms, 0854ms total)
T27B4 000:854 JLINK_ReadMemU32(0xE0001FE0, 0x0001 Items, ...) -- CPU_ReadMem(4 bytes @ 0xE0001FE0) - Data: 02 00 00 00  returns 0x01 (0001ms, 0855ms total)
T27B4 000:855 JLINK_ReadMemU32(0xE0001FE4, 0x0001 Items, ...) -- CPU_ReadMem(4 bytes @ 0xE0001FE4) - Data: B0 00 00 00  returns 0x01 (0000ms, 0855ms total)
T27B4 000:855 JLINK_ReadMemU32(0xE0001FE8, 0x0001 Items, ...) -- CPU_ReadMem(4 bytes @ 0xE0001FE8) - Data: 0B 00 00 00  returns 0x01 (0001ms, 0856ms total)
T27B4 000:856 JLINK_ReadMemU32(0xE0001FEC, 0x0001 Items, ...) -- CPU_ReadMem(4 bytes @ 0xE0001FEC) - Data: 00 00 00 00  returns 0x01 (0000ms, 0856ms total)
T27B4 000:856 JLINK_ReadMemU32(0xE0001FF0, 0x0001 Items, ...) -- CPU_ReadMem(4 bytes @ 0xE0001FF0) - Data: 0D 00 00 00  returns 0x01 (0001ms, 0857ms total)
T27B4 000:857 JLINK_ReadMemU32(0xE0001FF4, 0x0001 Items, ...) -- CPU_ReadMem(4 bytes @ 0xE0001FF4) - Data: E0 00 00 00  returns 0x01 (0000ms, 0857ms total)
T27B4 000:857 JLINK_ReadMemU32(0xE0001FF8, 0x0001 Items, ...) -- CPU_ReadMem(4 bytes @ 0xE0001FF8) - Data: 05 00 00 00  returns 0x01 (0001ms, 0858ms total)
T27B4 000:858 JLINK_ReadMemU32(0xE0001FFC, 0x0001 Items, ...) -- CPU_ReadMem(4 bytes @ 0xE0001FFC) - Data: B1 00 00 00  returns 0x01 (0000ms, 0858ms total)
T27B4 000:858 JLINK_ReadMemU32(0xE0002FD0, 0x0001 Items, ...) -- CPU_ReadMem(4 bytes @ 0xE0002FD0) - Data: 04 00 00 00  returns 0x01 (0001ms, 0859ms total)
T27B4 000:859 JLINK_ReadMemU32(0xE0002FD4, 0x0001 Items, ...) -- CPU_ReadMem(4 bytes @ 0xE0002FD4) - Data: 00 00 00 00  returns 0x01 (0000ms, 0859ms total)
T27B4 000:859 JLINK_ReadMemU32(0xE0002FD8, 0x0001 Items, ...) -- CPU_ReadMem(4 bytes @ 0xE0002FD8) - Data: 00 00 00 00  returns 0x01 (0000ms, 0859ms total)
T27B4 000:860 JLINK_ReadMemU32(0xE0002FDC, 0x0001 Items, ...) -- CPU_ReadMem(4 bytes @ 0xE0002FDC) - Data: 00 00 00 00  returns 0x01 (0000ms, 0859ms total)
T27B4 000:860 JLINK_ReadMemU32(0xE0002FE0, 0x0001 Items, ...) -- CPU_ReadMem(4 bytes @ 0xE0002FE0) - Data: 0E 00 00 00  returns 0x01 (0000ms, 0859ms total)
T27B4 000:860 JLINK_ReadMemU32(0xE0002FE4, 0x0001 Items, ...) -- CPU_ReadMem(4 bytes @ 0xE0002FE4) - Data: B0 00 00 00  returns 0x01 (0001ms, 0860ms total)
T27B4 000:861 JLINK_ReadMemU32(0xE0002FE8, 0x0001 Items, ...) -- CPU_ReadMem(4 bytes @ 0xE0002FE8) - Data: 0B 00 00 00  returns 0x01 (0000ms, 0860ms total)
T27B4 000:861 JLINK_ReadMemU32(0xE0002FEC, 0x0001 Items, ...) -- CPU_ReadMem(4 bytes @ 0xE0002FEC) - Data: 00 00 00 00  returns 0x01 (0001ms, 0861ms total)
T27B4 000:862 JLINK_ReadMemU32(0xE0002FF0, 0x0001 Items, ...) -- CPU_ReadMem(4 bytes @ 0xE0002FF0) - Data: 0D 00 00 00  returns 0x01 (0000ms, 0861ms total)
T27B4 000:862 JLINK_ReadMemU32(0xE0002FF4, 0x0001 Items, ...) -- CPU_ReadMem(4 bytes @ 0xE0002FF4) - Data: E0 00 00 00  returns 0x01 (0001ms, 0862ms total)
T27B4 000:863 JLINK_ReadMemU32(0xE0002FF8, 0x0001 Items, ...) -- CPU_ReadMem(4 bytes @ 0xE0002FF8) - Data: 05 00 00 00  returns 0x01 (0000ms, 0862ms total)
T27B4 000:863 JLINK_ReadMemU32(0xE0002FFC, 0x0001 Items, ...) -- CPU_ReadMem(4 bytes @ 0xE0002FFC) - Data: B1 00 00 00  returns 0x01 (0000ms, 0862ms total)
T27B4 000:864 JLINK_ReadMemU32(0xE0000FD0, 0x0001 Items, ...) -- CPU_ReadMem(4 bytes @ 0xE0000FD0) - Data: 04 00 00 00  returns 0x01 (0000ms, 0863ms total)
T27B4 000:864 JLINK_ReadMemU32(0xE0000FD4, 0x0001 Items, ...) -- CPU_ReadMem(4 bytes @ 0xE0000FD4) - Data: 00 00 00 00  returns 0x01 (0000ms, 0863ms total)
T27B4 000:865 JLINK_ReadMemU32(0xE0000FD8, 0x0001 Items, ...) -- CPU_ReadMem(4 bytes @ 0xE0000FD8) - Data: 00 00 00 00  returns 0x01 (0000ms, 0864ms total)
T27B4 000:865 JLINK_ReadMemU32(0xE0000FDC, 0x0001 Items, ...) -- CPU_ReadMem(4 bytes @ 0xE0000FDC) - Data: 00 00 00 00  returns 0x01 (0000ms, 0864ms total)
T27B4 000:866 JLINK_ReadMemU32(0xE0000FE0, 0x0001 Items, ...) -- CPU_ReadMem(4 bytes @ 0xE0000FE0) - Data: 01 00 00 00  returns 0x01 (0000ms, 0865ms total)
T27B4 000:866 JLINK_ReadMemU32(0xE0000FE4, 0x0001 Items, ...) -- CPU_ReadMem(4 bytes @ 0xE0000FE4) - Data: B0 00 00 00  returns 0x01 (0001ms, 0866ms total)
T27B4 000:867 JLINK_ReadMemU32(0xE0000FE8, 0x0001 Items, ...) -- CPU_ReadMem(4 bytes @ 0xE0000FE8) - Data: 0B 00 00 00  returns 0x01 (0000ms, 0866ms total)
T27B4 000:867 JLINK_ReadMemU32(0xE0000FEC, 0x0001 Items, ...) -- CPU_ReadMem(4 bytes @ 0xE0000FEC) - Data: 00 00 00 00  returns 0x01 (0000ms, 0866ms total)
T27B4 000:868 JLINK_ReadMemU32(0xE0000FF0, 0x0001 Items, ...) -- CPU_ReadMem(4 bytes @ 0xE0000FF0) - Data: 0D 00 00 00  returns 0x01 (0000ms, 0867ms total)
T27B4 000:868 JLINK_ReadMemU32(0xE0000FF4, 0x0001 Items, ...) -- CPU_ReadMem(4 bytes @ 0xE0000FF4) - Data: E0 00 00 00  returns 0x01 (0000ms, 0867ms total)
T27B4 000:869 JLINK_ReadMemU32(0xE0000FF8, 0x0001 Items, ...) -- CPU_ReadMem(4 bytes @ 0xE0000FF8) - Data: 05 00 00 00  returns 0x01 (0000ms, 0868ms total)
T27B4 000:869 JLINK_ReadMemU32(0xE0000FFC, 0x0001 Items, ...) -- CPU_ReadMem(4 bytes @ 0xE0000FFC) - Data: B1 00 00 00  returns 0x01 (0000ms, 0868ms total)
T27B4 000:870 JLINK_ReadMemU32(0xE0041FD0, 0x0001 Items, ...) -- CPU_ReadMem(4 bytes @ 0xE0041FD0) - Data: 04 00 00 00  returns 0x01 (0000ms, 0869ms total)
T27B4 000:870 JLINK_ReadMemU32(0xE0041FD4, 0x0001 Items, ...) -- CPU_ReadMem(4 bytes @ 0xE0041FD4) - Data: 00 00 00 00  returns 0x01 (0000ms, 0869ms total)
T27B4 000:871 JLINK_ReadMemU32(0xE0041FD8, 0x0001 Items, ...) -- CPU_ReadMem(4 bytes @ 0xE0041FD8) - Data: 00 00 00 00  returns 0x01 (0000ms, 0870ms total)
T27B4 000:871 JLINK_ReadMemU32(0xE0041FDC, 0x0001 Items, ...) -- CPU_ReadMem(4 bytes @ 0xE0041FDC) - Data: 00 00 00 00  returns 0x01 (0000ms, 0870ms total)
T27B4 000:872 JLINK_ReadMemU32(0xE0041FE0, 0x0001 Items, ...) -- CPU_ReadMem(4 bytes @ 0xE0041FE0) - Data: 75 00 00 00  returns 0x01 (0000ms, 0871ms total)
T27B4 000:872 JLINK_ReadMemU32(0xE0041FE4, 0x0001 Items, ...) -- CPU_ReadMem(4 bytes @ 0xE0041FE4) - Data: B9 00 00 00  returns 0x01 (0000ms, 0871ms total)
T27B4 000:873 JLINK_ReadMemU32(0xE0041FE8, 0x0001 Items, ...) -- CPU_ReadMem(4 bytes @ 0xE0041FE8) - Data: 1B 00 00 00  returns 0x01 (0000ms, 0872ms total)
T27B4 000:873 JLINK_ReadMemU32(0xE0041FEC, 0x0001 Items, ...) -- CPU_ReadMem(4 bytes @ 0xE0041FEC) - Data: 00 00 00 00  returns 0x01 (0000ms, 0872ms total)
T27B4 000:874 JLINK_ReadMemU32(0xE0041FF0, 0x0001 Items, ...) -- CPU_ReadMem(4 bytes @ 0xE0041FF0) - Data: 0D 00 00 00  returns 0x01 (0000ms, 0873ms total)
T27B4 000:874 JLINK_ReadMemU32(0xE0041FF4, 0x0001 Items, ...) -- CPU_ReadMem(4 bytes @ 0xE0041FF4) - Data: 90 00 00 00  returns 0x01 (0000ms, 0873ms total)
T27B4 000:875 JLINK_ReadMemU32(0xE0041FF8, 0x0001 Items, ...) -- CPU_ReadMem(4 bytes @ 0xE0041FF8) - Data: 05 00 00 00  returns 0x01 (0000ms, 0874ms total)
T27B4 000:875 JLINK_ReadMemU32(0xE0041FFC, 0x0001 Items, ...) -- CPU_ReadMem(4 bytes @ 0xE0041FFC) - Data: B1 00 00 00  returns 0x01 (0000ms, 0874ms total)
T27B4 000:876 JLINK_ReadMemU32(0xE0042FD0, 0x0001 Items, ...) -- CPU_ReadMem(4 bytes @ 0xE0042FD0) - Data: 04 00 00 00  returns 0x01 (0000ms, 0875ms total)
T27B4 000:876 JLINK_ReadMemU32(0xE0042FD4, 0x0001 Items, ...) -- CPU_ReadMem(4 bytes @ 0xE0042FD4) - Data: 00 00 00 00  returns 0x01 (0000ms, 0875ms total)
T27B4 000:877 JLINK_ReadMemU32(0xE0042FD8, 0x0001 Items, ...) -- CPU_ReadMem(4 bytes @ 0xE0042FD8) - Data: 00 00 00 00  returns 0x01 (0000ms, 0876ms total)
T27B4 000:877 JLINK_ReadMemU32(0xE0042FDC, 0x0001 Items, ...) -- CPU_ReadMem(4 bytes @ 0xE0042FDC) - Data: 00 00 00 00  returns 0x01 (0000ms, 0876ms total)
T27B4 000:878 JLINK_ReadMemU32(0xE0042FE0, 0x0001 Items, ...) -- CPU_ReadMem(4 bytes @ 0xE0042FE0) - Data: 06 00 00 00  returns 0x01 (0000ms, 0877ms total)
T27B4 000:878 JLINK_ReadMemU32(0xE0042FE4, 0x0001 Items, ...) -- CPU_ReadMem(4 bytes @ 0xE0042FE4) - Data: B9 00 00 00  returns 0x01 (0000ms, 0877ms total)
T27B4 000:879 JLINK_ReadMemU32(0xE0042FE8, 0x0001 Items, ...) -- CPU_ReadMem(4 bytes @ 0xE0042FE8) - Data: 4B 00 00 00  returns 0x01 (0000ms, 0878ms total)
T27B4 000:879 JLINK_ReadMemU32(0xE0042FEC, 0x0001 Items, ...) -- CPU_ReadMem(4 bytes @ 0xE0042FEC) - Data: 00 00 00 00  returns 0x01 (0000ms, 0878ms total)
T27B4 000:880 JLINK_ReadMemU32(0xE0042FF0, 0x0001 Items, ...) -- CPU_ReadMem(4 bytes @ 0xE0042FF0) - Data: 0D 00 00 00  returns 0x01 (0000ms, 0879ms total)
T27B4 000:880 JLINK_ReadMemU32(0xE0042FF4, 0x0001 Items, ...) -- CPU_ReadMem(4 bytes @ 0xE0042FF4) - Data: 90 00 00 00  returns 0x01 (0000ms, 0879ms total)
T27B4 000:881 JLINK_ReadMemU32(0xE0042FF8, 0x0001 Items, ...) -- CPU_ReadMem(4 bytes @ 0xE0042FF8) - Data: 05 00 00 00  returns 0x01 (0000ms, 0880ms total)
T27B4 000:881 JLINK_ReadMemU32(0xE0042FFC, 0x0001 Items, ...) -- CPU_ReadMem(4 bytes @ 0xE0042FFC) - Data: B1 00 00 00  returns 0x01 (0001ms, 0881ms total)
T27B4 000:882 JLINK_GetEmuCaps()  returns 0xF8EA5A73 (0000ms, 0881ms total)
T27B4 000:882 JLINK_GetEmuCaps()  returns 0xF8EA5A73 (0000ms, 0881ms total)
T27B4 000:882 JLINK_GetEmuCaps()  returns 0xF8EA5A73 (0000ms, 0881ms total)
T27B4 000:896 JLINK_GetEmuCaps()  returns 0xF8EA5A73 (0000ms, 0881ms total)
T27B4 000:896 JLINK_TRACE_Control(JLINKARM_TRACE_CMD_STOP, ...)  returns 0x00 (0000ms, 0881ms total)
T27B4 000:896 JLINK_TRACE_Control(JLINKARM_TRACE_CMD_GET_MIN_CAPACITY, ...)  returns 0x00 (0000ms, 0881ms total)
T27B4 000:896 JLINK_TRACE_Control(JLINKARM_TRACE_CMD_GET_MAX_CAPACITY, ...)  returns 0x00 (0000ms, 0881ms total)
T27B4 000:896 JLINK_TRACE_Control(JLINKARM_TRACE_CMD_SET_CAPACITY, ...)  returns 0x00 (0000ms, 0881ms total)
T27B4 000:896 JLINK_ETM_ReadReg(RegIndex = 0x00)  returns 0x00000000 (0000ms, 0881ms total)
T27B4 000:896 JLINK_ETM_WriteReg(RegIndex = 0x00, Data = 0x00000400, AllowDelay = 0) (0000ms, 0881ms total)
T27B4 000:896 JLINK_ETM_ReadReg(RegIndex = 0x01)  returns 0x00000000 (0000ms, 0881ms total)
T27B4 000:899 JLINK_SWO_Control(JLINKARM_SWO_CMD_GET_SPEED_INFO, ...)  returns 0x00 (0000ms, 0881ms total)
T27B4 000:899 JLINK_ReadMemU32(0xE0001004, 0x0001 Items, ...) -- CPU_ReadMem(4 bytes @ 0xE0001004) - Data: 00 00 00 00  returns 0x01 (0001ms, 0882ms total)
T27B4 000:900 JLINK_GetEmuCaps()  returns 0xF8EA5A73 (0000ms, 0882ms total)
T27B4 000:900 JLINK_GetEmuCaps()  returns 0xF8EA5A73 (0000ms, 0882ms total)
T27B4 000:900 JLINK_EMU_HasCapEx(0x00000025)  returns 0x00 (0000ms, 0882ms total)
T27B4 000:900 JLINK_EMU_COM_Read(Channel = 0x10001, NumBytes = 0x0C) -- EMUCOM is not supported by connected emulator  returns 0xFFFFFFFF (0000ms, 0882ms total)
T27B4 000:904 JLINK_GetEmuCaps()  returns 0xF8EA5A73 (0000ms, 0882ms total)
T27B4 001:090 JLINK_ReadMemU32(0x400BC000, 0x0001 Items, ...) -- CPU_ReadMem(4 bytes @ 0x400BC000) - Data: 20 25 00 00  returns 0x01 (0000ms, 0882ms total)
T27B4 001:093 JLINK_GetSpeed()  returns 0x7D0 (0000ms, 0882ms total)
T27B4 001:103 JLINK_BeginDownload(Flags = 0x03) (0000ms, 0882ms total)
T27B4 001:241 JLINK_WriteMem(0x00000000, 0x10D4 Bytes, ...) - Data: 78 08 00 20 1D 10 00 00 00 00 00 00 00 00 00 00 ... -- CPU_WriteMem(4308 bytes @ 0x00000000)  returns 0x10D4 (0042ms, 0924ms total)
T27B4 001:283 JLINK_WriteU16(0x000010D4, 0x0000) -- CPU_WriteMem(2 bytes @ 0x000010D4)  returns 0x00 (0001ms, 0925ms total)
T27B4 001:285 JLINK_EndDownload()  returns 0x00 (0000ms, 0925ms total)
T27B4 001:285 JLINK_ReadMemU32(0x00000000, 0x0435 Items, ...) -- CPU_ReadMem(4308 bytes @ 0x00000000) - Data: 78 08 00 20 1D 10 00 00 00 00 00 00 00 00 00 00 ...  returns 0x435 (0042ms, 0967ms total)
T27B4 001:327 JLINK_ReadMemU16(0x000010D4, 0x0001 Items, ...) -- CPU_ReadMem(2 bytes @ 0x000010D4) - Data: 00 00  returns 0x01 (0000ms, 0967ms total)
T27B4 001:331 JLINK_ReadMemU32(0x00000000, 0x0001 Items, ...) -- CPU_ReadMem(4 bytes @ 0x00000000) - Data: 78 08 00 20  returns 0x01 (0000ms, 0967ms total)
T27B4 001:331 JLINK_ReadMemU32(0x00000004, 0x0001 Items, ...) -- CPU_ReadMem(4 bytes @ 0x00000004) - Data: 1D 10 00 00  returns 0x01 (0001ms, 0968ms total)
T27B4 001:332 JLINK_ReadRegs(NumRegs = 1, Indexes: 15) -- R15 (PC)=0x201414  returns 0x00 (0000ms, 0968ms total)
T27B4 001:332 JLINK_WriteReg(R15 (PC), 0x0000101C)  returns 0x00 (0000ms, 0968ms total)
T27B4 001:332 JLINK_ReadRegs(NumRegs = 1, Indexes: 17) -- MSP=0x20201000  returns 0x00 (0000ms, 0968ms total)
T27B4 001:332 JLINK_ReadRegs(NumRegs = 1, Indexes: 18) -- PSP=0x00  returns 0x00 (0000ms, 0968ms total)
T27B4 001:332 JLINK_ReadRegs(NumRegs = 1, Indexes: 20) -- CFBP=0x00  returns 0x00 (0000ms, 0968ms total)
T27B4 001:332 JLINK_WriteReg(MSP, 0x20000878)  returns 0x00 (0000ms, 0968ms total)
T27B4 001:332 JLINK_ReadRegs(NumRegs = 1, Indexes: 0) -- R0=0x00  returns 0x00 (0000ms, 0968ms total)
T27B4 001:332 JLINK_ReadRegs(NumRegs = 1, Indexes: 1) -- R1=0x00  returns 0x00 (0000ms, 0968ms total)
T27B4 001:332 JLINK_ReadRegs(NumRegs = 1, Indexes: 2) -- R2=0x00  returns 0x00 (0000ms, 0968ms total)
T27B4 001:332 JLINK_ReadRegs(NumRegs = 1, Indexes: 3) -- R3=0x00  returns 0x00 (0000ms, 0968ms total)
T27B4 001:332 JLINK_ReadRegs(NumRegs = 1, Indexes: 4) -- R4=0x00  returns 0x00 (0000ms, 0968ms total)
T27B4 001:332 JLINK_ReadRegs(NumRegs = 1, Indexes: 5) -- R5=0x00  returns 0x00 (0000ms, 0968ms total)
T27B4 001:332 JLINK_ReadRegs(NumRegs = 1, Indexes: 6) -- R6=0x00  returns 0x00 (0000ms, 0968ms total)
T27B4 001:332 JLINK_ReadRegs(NumRegs = 1, Indexes: 7) -- R7=0x00  returns 0x00 (0000ms, 0968ms total)
T27B4 001:332 JLINK_ReadRegs(NumRegs = 1, Indexes: 8) -- R8=0x00  returns 0x00 (0000ms, 0968ms total)
T27B4 001:332 JLINK_ReadRegs(NumRegs = 1, Indexes: 9) -- R9=0x00  returns 0x00 (0000ms, 0968ms total)
T27B4 001:332 JLINK_ReadRegs(NumRegs = 1, Indexes: 10) -- R10=0x00  returns 0x00 (0000ms, 0968ms total)
T27B4 001:332 JLINK_ReadRegs(NumRegs = 1, Indexes: 11) -- R11=0x00  returns 0x00 (0000ms, 0968ms total)
T27B4 001:332 JLINK_ReadRegs(NumRegs = 1, Indexes: 12) -- R12=0x00  returns 0x00 (0000ms, 0968ms total)
T27B4 001:332 JLINK_ReadRegs(NumRegs = 1, Indexes: 17) -- MSP=0x20000878  returns 0x00 (0000ms, 0968ms total)
T27B4 001:332 JLINK_ReadRegs(NumRegs = 1, Indexes: 18) -- PSP=0x00  returns 0x00 (0000ms, 0968ms total)
T27B4 001:332 JLINK_ReadRegs(NumRegs = 1, Indexes: 14) -- R14=0xFFFFFFFF  returns 0x00 (0000ms, 0968ms total)
T27B4 001:332 JLINK_ReadRegs(NumRegs = 1, Indexes: 15) -- R15 (PC)=0x101C  returns 0x00 (0000ms, 0968ms total)
T27B4 001:332 JLINK_ReadRegs(NumRegs = 1, Indexes: 16) -- XPSR=0x1000000  returns 0x00 (0000ms, 0968ms total)
T27B4 001:332 JLINK_ReadRegs(NumRegs = 1, Indexes: 20) -- CFBP=0x00  returns 0x00 (0000ms, 0968ms total)
T27B4 001:332 JLINK_WriteReg(XPSR, 0x01000000)  returns 0x00 (0000ms, 0968ms total)
T27B4 001:332 JLINK_ReadMemU32(0xE000EDFC, 0x0001 Items, ...) -- CPU_ReadMem(4 bytes @ 0xE000EDFC) - Data: 00 00 00 01  returns 0x01 (0000ms, 0968ms total)
T27B4 001:333 JLINK_WriteU32(0xE000EDFC, 0x01000000)  returns 0x00 (0000ms, 0969ms total)
T27B4 001:333 JLINK_ReadMemU32(0xE0001004, 0x0001 Items, ...) - Data: 00 00 00 00  returns 0x01 (0000ms, 0969ms total)
T27B4 001:333 JLINK_ReadMemU32(0xE0001004, 0x0001 Items, ...) - Data: 00 00 00 00  returns 0x01 (0000ms, 0969ms total)
T27B4 001:334 JLINK_ReadRegs(NumRegs = 1, Indexes: 15) -- R15 (PC)=0x101C  returns 0x00 (0000ms, 0969ms total)
T27B4 001:334 JLINK_BeginDownload(Flags = 0x01) (0000ms, 0969ms total)
T27B4 001:334 JLINK_WriteMem(0x20000074, 0x0004 Bytes, ...) - Data: 00 00 00 00 -- CPU_WriteMem(4 bytes @ 0x20000074)  returns 0x04 (0001ms, 0970ms total)
T27B4 001:335 JLINK_EndDownload()  returns 0x00 (0000ms, 0970ms total)
T27B4 001:335 JLINK_BeginDownload(Flags = 0x01) (0000ms, 0970ms total)
T27B4 001:335 JLINK_WriteMem(0x20000040, 0x0014 Bytes, ...) - Data: 00 00 00 60 00 00 00 00 00 10 00 60 00 00 20 20 ... -- CPU_WriteMem(20 bytes @ 0x20000040)  returns 0x14 (0001ms, 0971ms total)
T27B4 001:336 JLINK_EndDownload()  returns 0x00 (0000ms, 0971ms total)
T27B4 001:336 JLINK_WriteReg(R15 (PC), 0x0000101C)  returns 0x00 (0000ms, 0971ms total)
T27B4 001:336 JLINK_ReadRegs(NumRegs = 1, Indexes: 0) -- R0=0x00  returns 0x00 (0000ms, 0971ms total)
T27B4 001:336 JLINK_ReadRegs(NumRegs = 1, Indexes: 1) -- R1=0x00  returns 0x00 (0000ms, 0971ms total)
T27B4 001:336 JLINK_ReadRegs(NumRegs = 1, Indexes: 2) -- R2=0x00  returns 0x00 (0000ms, 0971ms total)
T27B4 001:336 JLINK_ReadRegs(NumRegs = 1, Indexes: 3) -- R3=0x00  returns 0x00 (0000ms, 0971ms total)
T27B4 001:336 JLINK_ReadRegs(NumRegs = 1, Indexes: 4) -- R4=0x00  returns 0x00 (0000ms, 0971ms total)
T27B4 001:336 JLINK_ReadRegs(NumRegs = 1, Indexes: 5) -- R5=0x00  returns 0x00 (0000ms, 0971ms total)
T27B4 001:336 JLINK_ReadRegs(NumRegs = 1, Indexes: 6) -- R6=0x00  returns 0x00 (0000ms, 0971ms total)
T27B4 001:336 JLINK_ReadRegs(NumRegs = 1, Indexes: 7) -- R7=0x00  returns 0x00 (0000ms, 0971ms total)
T27B4 001:336 JLINK_ReadRegs(NumRegs = 1, Indexes: 8) -- R8=0x00  returns 0x00 (0000ms, 0971ms total)
T27B4 001:336 JLINK_ReadRegs(NumRegs = 1, Indexes: 9) -- R9=0x00  returns 0x00 (0000ms, 0971ms total)
T27B4 001:336 JLINK_ReadRegs(NumRegs = 1, Indexes: 10) -- R10=0x00  returns 0x00 (0000ms, 0971ms total)
T27B4 001:336 JLINK_ReadRegs(NumRegs = 1, Indexes: 11) -- R11=0x00  returns 0x00 (0000ms, 0971ms total)
T27B4 001:336 JLINK_ReadRegs(NumRegs = 1, Indexes: 12) -- R12=0x00  returns 0x00 (0000ms, 0971ms total)
T27B4 001:336 JLINK_ReadRegs(NumRegs = 1, Indexes: 17) -- MSP=0x20000878  returns 0x00 (0000ms, 0971ms total)
T27B4 001:336 JLINK_ReadRegs(NumRegs = 1, Indexes: 18) -- PSP=0x00  returns 0x00 (0000ms, 0971ms total)
T27B4 001:336 JLINK_ReadRegs(NumRegs = 1, Indexes: 14) -- R14=0xFFFFFFFF  returns 0x00 (0000ms, 0971ms total)
T27B4 001:336 JLINK_ReadRegs(NumRegs = 1, Indexes: 15) -- R15 (PC)=0x101C  returns 0x00 (0000ms, 0971ms total)
T27B4 001:336 JLINK_ReadRegs(NumRegs = 1, Indexes: 16) -- XPSR=0x1000000  returns 0x00 (0000ms, 0971ms total)
T27B4 001:336 JLINK_ReadRegs(NumRegs = 1, Indexes: 20) -- CFBP=0x00  returns 0x00 (0000ms, 0971ms total)
T27B4 001:336 JLINK_WriteReg(XPSR, 0x01000000)  returns 0x00 (0000ms, 0971ms total)
T27B4 001:336 JLINK_ReadMemU16(0x00000F28, 0x0001 Items, ...) -- CPU_ReadMem(2 bytes @ 0x00000F28) - Data: FE E7  returns 0x01 (0001ms, 0972ms total)
T27B4 001:337 JLINK_SetBPEx(Addr = 0x00000F28, Type = 0xFFFFFF02)  returns 0x00000001 (0000ms, 0972ms total)
T27B4 001:337 JLINK_WriteVectorCatch(0x00000000)  returns 0x00 (0000ms, 0972ms total)
T200C 001:337 JLINK_ReadRegs(NumRegs = 1, Indexes: 15) -- R15 (PC)=0x101C  returns 0x00 (0000ms, 0972ms total)
T200C 001:337 JLINK_ReadMemU16(0x0000101C, 0x0001 Items, ...) -- CPU_ReadMem(2 bytes @ 0x0000101C) - Data: FF F7  returns 0x01 (0001ms, 0973ms total)
T200C 001:338 JLINK_WriteVectorCatch(0x00000000)  returns 0x00 (0000ms, 0973ms total)
T200C 001:338 JLINK_ReadMemU32(0xE000EDFC, 0x0001 Items, ...) - Data: 00 00 00 01  returns 0x01 (0000ms, 0973ms total)
T200C 001:338 JLINK_WriteU32(0xE000EDFC, 0x01000000)  returns 0x00 (0000ms, 0973ms total)
T200C 001:338 JLINK_ReadMemU32(0xE0002000, 0x0001 Items, ...) -- CPU_ReadMem(4 bytes @ 0xE0002000) - Data: 81 00 00 10  returns 0x01 (0000ms, 0973ms total)
T200C 001:338 JLINK_ReadMemU32(0xE0002000, 0x0001 Items, ...) -- CPU_ReadMem(4 bytes @ 0xE0002000) - Data: 81 00 00 10  returns 0x01 (0001ms, 0974ms total)
T200C 001:339 JLINK_ReadMemU32(0xE0001000, 0x0001 Items, ...) -- CPU_ReadMem(4 bytes @ 0xE0001000) - Data: 01 00 00 40  returns 0x01 (0000ms, 0974ms total)
T200C 001:339 JLINK_ReadMemU32(0xE000EDFC, 0x0001 Items, ...) - Data: 00 00 00 01  returns 0x01 (0000ms, 0974ms total)
T200C 001:339 JLINK_WriteU32(0xE000EDFC, 0x01000000)  returns 0x00 (0000ms, 0974ms total)
T200C 001:339 JLINK_WriteU32(0xE0001028, 0x00000000)  returns 0x00 (0000ms, 0974ms total)
T200C 001:339 JLINK_WriteU32(0xE0001038, 0x00000000)  returns 0x00 (0000ms, 0974ms total)
T200C 001:339 JLINK_WriteU32(0xE0001048, 0x00000000)  returns 0x00 (0000ms, 0974ms total)
T200C 001:339 JLINK_WriteU32(0xE0001058, 0x00000000)  returns 0x00 (0000ms, 0974ms total)
T200C 001:339 JLINK_Go() -- CPU_WriteMem(4 bytes @ 0xE0002000) -- CPU_ReadMem(4 bytes @ 0xE0001000) -- CPU_WriteMem(4 bytes @ 0xE0001028) -- CPU_WriteMem(4 bytes @ 0xE0001038) -- CPU_WriteMem(4 bytes @ 0xE0001048) -- CPU_WriteMem(4 bytes @ 0xE0001058) -- CPU_WriteMem(4 bytes @ 0xE0002008) -- CPU_WriteMem(4 bytes @ 0xE000200C) -- CPU_WriteMem(4 bytes @ 0xE0002010) -- CPU_WriteMem(4 bytes @ 0xE0002014) -- CPU_WriteMem(4 bytes @ 0xE0002018) -- CPU_WriteMem(4 bytes @ 0xE000201C)
 -- CPU_WriteMem(4 bytes @ 0xE0002020) -- CPU_WriteMem(4 bytes @ 0xE0002024) (0008ms, 0982ms total)
T200C 001:349 JLINK_IsHalted()  returns TRUE (0004ms, 0987ms total)
T200C 001:354 JLINK_ReadMemU32(0xE000EDFC, 0x0001 Items, ...) - Data: 00 00 00 01  returns 0x01 (0000ms, 0983ms total)
T200C 001:354 JLINK_WriteU32(0xE000EDFC, 0x01000000)  returns 0x00 (0000ms, 0983ms total)
T200C 001:354 JLINK_WriteVectorCatch(0x00000000)  returns 0x00 (0000ms, 0983ms total)
T200C 001:354 JLINK_WriteU32(0xE0001028, 0x00000000)  returns 0x00 (0000ms, 0983ms total)
T200C 001:354 JLINK_WriteU32(0xE0001038, 0x00000000)  returns 0x00 (0000ms, 0983ms total)
T200C 001:354 JLINK_WriteU32(0xE0001048, 0x00000000)  returns 0x00 (0000ms, 0983ms total)
T200C 001:354 JLINK_WriteU32(0xE0001058, 0x00000000)  returns 0x00 (0000ms, 0983ms total)
T200C 001:354 JLINK_ReadRegs(NumRegs = 1, Indexes: 15) -- R15 (PC)=0xF28  returns 0x00 (0000ms, 0983ms total)
T200C 001:354 JLINK_ReadMemU16(0x00000F28, 0x0001 Items, ...) -- CPU_ReadMem(2 bytes @ 0x00000F28) - Data: FE E7  returns 0x01 (0001ms, 0984ms total)
T200C 001:355 JLINK_ReadMemU32(0x20000040, 0x0005 Items, ...) -- CPU_ReadMem(64 bytes @ 0x20000040) -- Updating C cache (64 bytes @ 0x20000040) -- Read from C cache (20 bytes @ 0x20000040) - Data: 00 00 00 60 18 00 00 00 00 10 00 60 00 00 20 20 ...  returns 0x05 (0001ms, 0985ms total)
T200C 001:358 JLINK_BeginDownload(Flags = 0x01) (0000ms, 0985ms total)
T200C 001:358 JLINK_WriteMem(0x20200000, 0x0008 Bytes, ...) - Data: 00 10 00 60 00 10 00 00 -- CPU_WriteMem(8 bytes @ 0x20200000)  returns 0x08 (0002ms, 0987ms total)
T200C 001:360 JLINK_EndDownload()  returns 0x00 (0000ms, 0987ms total)
T200C 001:360 JLINK_BeginDownload(Flags = 0x01) (0000ms, 0987ms total)
T200C 001:360 JLINK_WriteMem(0x20000040, 0x0014 Bytes, ...) - Data: 00 00 00 00 01 00 00 00 00 00 00 00 00 00 20 20 ... -- CPU_WriteMem(20 bytes @ 0x20000040)  returns 0x14 (0001ms, 0988ms total)
T200C 001:361 JLINK_EndDownload()  returns 0x00 (0000ms, 0988ms total)
T200C 001:361 JLINK_WriteReg(R15 (PC), 0x0000102C)  returns 0x00 (0000ms, 0988ms total)
T200C 001:361 JLINK_ReadRegs(NumRegs = 1, Indexes: 0) -- R0=0x18  returns 0x00 (0000ms, 0988ms total)
T200C 001:361 JLINK_ReadRegs(NumRegs = 1, Indexes: 1) -- R1=0x00  returns 0x00 (0000ms, 0988ms total)
T200C 001:361 JLINK_ReadRegs(NumRegs = 1, Indexes: 2) -- R2=0xC0000000  returns 0x00 (0000ms, 0988ms total)
T200C 001:361 JLINK_ReadRegs(NumRegs = 1, Indexes: 3) -- R3=0x200007D0  returns 0x00 (0000ms, 0988ms total)
T200C 001:361 JLINK_ReadRegs(NumRegs = 1, Indexes: 4) -- R4=0x00  returns 0x00 (0000ms, 0988ms total)
T200C 001:361 JLINK_ReadRegs(NumRegs = 1, Indexes: 5) -- R5=0x00  returns 0x00 (0000ms, 0988ms total)
T200C 001:361 JLINK_ReadRegs(NumRegs = 1, Indexes: 6) -- R6=0x00  returns 0x00 (0000ms, 0988ms total)
T200C 001:361 JLINK_ReadRegs(NumRegs = 1, Indexes: 7) -- R7=0x00  returns 0x00 (0000ms, 0988ms total)
T200C 001:361 JLINK_ReadRegs(NumRegs = 1, Indexes: 8) -- R8=0x00  returns 0x00 (0000ms, 0988ms total)
T200C 001:361 JLINK_ReadRegs(NumRegs = 1, Indexes: 9) -- R9=0x00  returns 0x00 (0000ms, 0988ms total)
T200C 001:361 JLINK_ReadRegs(NumRegs = 1, Indexes: 10) -- R10=0x00  returns 0x00 (0000ms, 0988ms total)
T200C 001:361 JLINK_ReadRegs(NumRegs = 1, Indexes: 11) -- R11=0x00  returns 0x00 (0000ms, 0988ms total)
T200C 001:361 JLINK_ReadRegs(NumRegs = 1, Indexes: 12) -- R12=0x80A  returns 0x00 (0000ms, 0988ms total)
T200C 001:361 JLINK_ReadRegs(NumRegs = 1, Indexes: 17) -- MSP=0x20000878  returns 0x00 (0000ms, 0988ms total)
T200C 001:361 JLINK_ReadRegs(NumRegs = 1, Indexes: 18) -- PSP=0x00  returns 0x00 (0000ms, 0988ms total)
T200C 001:361 JLINK_ReadRegs(NumRegs = 1, Indexes: 14) -- R14=0x1025  returns 0x00 (0000ms, 0988ms total)
T200C 001:361 JLINK_ReadRegs(NumRegs = 1, Indexes: 15) -- R15 (PC)=0x102C  returns 0x00 (0000ms, 0988ms total)
T200C 001:361 JLINK_ReadRegs(NumRegs = 1, Indexes: 16) -- XPSR=0x41000000  returns 0x00 (0000ms, 0988ms total)
T200C 001:361 JLINK_ReadRegs(NumRegs = 1, Indexes: 20) -- CFBP=0x00  returns 0x00 (0000ms, 0988ms total)
T200C 001:361 JLINK_WriteReg(XPSR, 0x41000000)  returns 0x00 (0000ms, 0988ms total)
T200C 001:362 JLINK_ReadRegs(NumRegs = 1, Indexes: 15) -- R15 (PC)=0x102C  returns 0x00 (0000ms, 0989ms total)
T200C 001:362 JLINK_ReadMemU16(0x0000102C, 0x0001 Items, ...) -- CPU_ReadMem(2 bytes @ 0x0000102C) - Data: FF F7  returns 0x01 (0000ms, 0989ms total)
T200C 001:362 JLINK_WriteVectorCatch(0x00000000)  returns 0x00 (0000ms, 0989ms total)
T200C 001:362 JLINK_ReadMemU32(0xE000EDFC, 0x0001 Items, ...) - Data: 00 00 00 01  returns 0x01 (0000ms, 0989ms total)
T200C 001:363 JLINK_WriteU32(0xE000EDFC, 0x01000000)  returns 0x00 (0000ms, 0990ms total)
T200C 001:363 JLINK_WriteU32(0xE0001028, 0x00000000)  returns 0x00 (0000ms, 0990ms total)
T200C 001:363 JLINK_WriteU32(0xE0001038, 0x00000000)  returns 0x00 (0000ms, 0990ms total)
T200C 001:363 JLINK_WriteU32(0xE0001048, 0x00000000)  returns 0x00 (0000ms, 0990ms total)
T200C 001:363 JLINK_WriteU32(0xE0001058, 0x00000000)  returns 0x00 (0000ms, 0990ms total)
T200C 001:363 JLINK_Go() -- CPU_WriteMem(4 bytes @ 0xE0002000) -- CPU_ReadMem(4 bytes @ 0xE0001000) -- CPU_WriteMem(4 bytes @ 0xE0001028) -- CPU_WriteMem(4 bytes @ 0xE0001038) -- CPU_WriteMem(4 bytes @ 0xE0001048) -- CPU_WriteMem(4 bytes @ 0xE0001058) (0004ms, 0994ms total)
T200C 001:369 JLINK_IsHalted()  returns FALSE (0001ms, 0995ms total)
T200C 001:372 JLINK_IsHalted()  returns FALSE (0000ms, 0994ms total)
T200C 001:374 JLINK_IsHalted()  returns FALSE (0000ms, 0994ms total)
T200C 001:376 JLINK_IsHalted()  returns FALSE (0000ms, 0994ms total)
T200C 001:378 JLINK_IsHalted()  returns FALSE (0001ms, 0995ms total)
T200C 001:380 JLINK_IsHalted()  returns FALSE (0001ms, 0995ms total)
T200C 001:382 JLINK_IsHalted()  returns FALSE (0001ms, 0995ms total)
T200C 001:384 JLINK_IsHalted()  returns FALSE (0001ms, 0995ms total)
T200C 001:386 JLINK_IsHalted()  returns FALSE (0001ms, 0995ms total)
T200C 001:388 JLINK_IsHalted()  returns FALSE (0001ms, 0995ms total)
T200C 001:390 JLINK_IsHalted()  returns FALSE (0001ms, 0995ms total)
T200C 001:393 JLINK_IsHalted()  returns FALSE (0000ms, 0994ms total)
T200C 001:395 JLINK_IsHalted()  returns FALSE (0000ms, 0994ms total)
T200C 001:397 JLINK_IsHalted()  returns FALSE (0000ms, 0994ms total)
T200C 001:399 JLINK_IsHalted()  returns FALSE (0000ms, 0994ms total)
T200C 001:401 JLINK_IsHalted()  returns FALSE (0001ms, 0995ms total)
T200C 001:403 JLINK_IsHalted()  returns FALSE (0001ms, 0995ms total)
T200C 001:406 JLINK_IsHalted()  returns FALSE (0000ms, 0994ms total)
T200C 001:408 JLINK_IsHalted()  returns TRUE (0004ms, 0998ms total)
T200C 001:412 JLINK_ReadMemU32(0xE000EDFC, 0x0001 Items, ...) - Data: 00 00 00 01  returns 0x01 (0000ms, 0994ms total)
T200C 001:412 JLINK_WriteU32(0xE000EDFC, 0x01000000)  returns 0x00 (0000ms, 0994ms total)
T200C 001:412 JLINK_WriteVectorCatch(0x00000000)  returns 0x00 (0000ms, 0994ms total)
T200C 001:412 JLINK_WriteU32(0xE0001028, 0x00000000)  returns 0x00 (0000ms, 0994ms total)
T200C 001:412 JLINK_WriteU32(0xE0001038, 0x00000000)  returns 0x00 (0000ms, 0994ms total)
T200C 001:412 JLINK_WriteU32(0xE0001048, 0x00000000)  returns 0x00 (0000ms, 0994ms total)
T200C 001:412 JLINK_WriteU32(0xE0001058, 0x00000000)  returns 0x00 (0000ms, 0994ms total)
T200C 001:412 JLINK_ReadRegs(NumRegs = 1, Indexes: 15) -- R15 (PC)=0xF28  returns 0x00 (0000ms, 0994ms total)
T200C 001:413 JLINK_ReadMemU16(0x00000F28, 0x0001 Items, ...) -- CPU_ReadMem(2 bytes @ 0x00000F28) - Data: FE E7  returns 0x01 (0000ms, 0995ms total)
T200C 001:413 JLINK_ReadMemU32(0x20000040, 0x0005 Items, ...) -- CPU_ReadMem(64 bytes @ 0x20000040) -- Updating C cache (64 bytes @ 0x20000040) -- Read from C cache (20 bytes @ 0x20000040) - Data: 00 00 00 00 00 00 00 00 00 00 00 00 00 00 20 20 ...  returns 0x05 (0002ms, 0997ms total)
T200C 001:415 JLINK_BeginDownload(Flags = 0x01) (0000ms, 0997ms total)
T200C 001:415 JLINK_WriteMem(0x20200000, 0x0100 Bytes, ...) - Data: D1 00 20 41 00 20 00 60 00 00 00 00 5E 31 00 60 ... -- CPU_WriteMem(256 bytes @ 0x20200000)  returns 0x100 (0003ms, 1000ms total)
T200C 001:418 JLINK_EndDownload()  returns 0x00 (0000ms, 1000ms total)
T200C 001:418 JLINK_BeginDownload(Flags = 0x01) (0000ms, 1000ms total)
T200C 001:418 JLINK_WriteMem(0x20000040, 0x0014 Bytes, ...) - Data: 00 10 00 60 00 01 00 00 00 00 00 00 00 00 20 20 ... -- CPU_WriteMem(20 bytes @ 0x20000040)  returns 0x14 (0001ms, 1001ms total)
T200C 001:419 JLINK_EndDownload()  returns 0x00 (0000ms, 1001ms total)
T200C 001:419 JLINK_WriteReg(R15 (PC), 0x00001024)  returns 0x00 (0000ms, 1001ms total)
T200C 001:419 JLINK_ReadRegs(NumRegs = 1, Indexes: 0) -- R0=0x00  returns 0x00 (0000ms, 1001ms total)
T200C 001:419 JLINK_ReadRegs(NumRegs = 1, Indexes: 1) -- R1=0x01  returns 0x00 (0000ms, 1001ms total)
T200C 001:419 JLINK_ReadRegs(NumRegs = 1, Indexes: 2) -- R2=0x00  returns 0x00 (0000ms, 1001ms total)
T200C 001:419 JLINK_ReadRegs(NumRegs = 1, Indexes: 3) -- R3=0x20000814  returns 0x00 (0000ms, 1001ms total)
T200C 001:419 JLINK_ReadRegs(NumRegs = 1, Indexes: 4) -- R4=0x00  returns 0x00 (0000ms, 1001ms total)
T200C 001:419 JLINK_ReadRegs(NumRegs = 1, Indexes: 5) -- R5=0x00  returns 0x00 (0000ms, 1001ms total)
T200C 001:419 JLINK_ReadRegs(NumRegs = 1, Indexes: 6) -- R6=0x00  returns 0x00 (0000ms, 1001ms total)
T200C 001:420 JLINK_ReadRegs(NumRegs = 1, Indexes: 7) -- R7=0x00  returns 0x00 (0000ms, 1002ms total)
T200C 001:420 JLINK_ReadRegs(NumRegs = 1, Indexes: 8) -- R8=0x00  returns 0x00 (0000ms, 1002ms total)
T200C 001:420 JLINK_ReadRegs(NumRegs = 1, Indexes: 9) -- R9=0x00  returns 0x00 (0000ms, 1002ms total)
T200C 001:420 JLINK_ReadRegs(NumRegs = 1, Indexes: 10) -- R10=0x00  returns 0x00 (0000ms, 1002ms total)
T200C 001:420 JLINK_ReadRegs(NumRegs = 1, Indexes: 11) -- R11=0x00  returns 0x00 (0000ms, 1002ms total)
T200C 001:420 JLINK_ReadRegs(NumRegs = 1, Indexes: 12) -- R12=0x80A  returns 0x00 (0000ms, 1002ms total)
T200C 001:420 JLINK_ReadRegs(NumRegs = 1, Indexes: 17) -- MSP=0x20000878  returns 0x00 (0000ms, 1002ms total)
T200C 001:420 JLINK_ReadRegs(NumRegs = 1, Indexes: 18) -- PSP=0x00  returns 0x00 (0000ms, 1002ms total)
T200C 001:420 JLINK_ReadRegs(NumRegs = 1, Indexes: 14) -- R14=0x1035  returns 0x00 (0000ms, 1002ms total)
T200C 001:420 JLINK_ReadRegs(NumRegs = 1, Indexes: 15) -- R15 (PC)=0x1024  returns 0x00 (0000ms, 1002ms total)
T200C 001:420 JLINK_ReadRegs(NumRegs = 1, Indexes: 16) -- XPSR=0x61000000  returns 0x00 (0000ms, 1002ms total)
T200C 001:420 JLINK_ReadRegs(NumRegs = 1, Indexes: 20) -- CFBP=0x00  returns 0x00 (0000ms, 1002ms total)
T200C 001:420 JLINK_WriteReg(XPSR, 0x61000000)  returns 0x00 (0000ms, 1002ms total)
T200C 001:420 JLINK_ReadRegs(NumRegs = 1, Indexes: 15) -- R15 (PC)=0x1024  returns 0x00 (0000ms, 1002ms total)
T200C 001:420 JLINK_ReadMemU16(0x00001024, 0x0001 Items, ...) -- CPU_ReadMem(2 bytes @ 0x00001024) - Data: FF F7  returns 0x01 (0001ms, 1003ms total)
T200C 001:421 JLINK_WriteVectorCatch(0x00000000)  returns 0x00 (0000ms, 1003ms total)
T200C 001:421 JLINK_ReadMemU32(0xE000EDFC, 0x0001 Items, ...) - Data: 00 00 00 01  returns 0x01 (0000ms, 1003ms total)
T200C 001:421 JLINK_WriteU32(0xE000EDFC, 0x01000000)  returns 0x00 (0000ms, 1003ms total)
T200C 001:421 JLINK_WriteU32(0xE0001028, 0x00000000)  returns 0x00 (0000ms, 1003ms total)
T200C 001:421 JLINK_WriteU32(0xE0001038, 0x00000000)  returns 0x00 (0000ms, 1003ms total)
T200C 001:421 JLINK_WriteU32(0xE0001048, 0x00000000)  returns 0x00 (0000ms, 1003ms total)
T200C 001:421 JLINK_WriteU32(0xE0001058, 0x00000000)  returns 0x00 (0000ms, 1003ms total)
T200C 001:421 JLINK_Go() -- CPU_WriteMem(4 bytes @ 0xE0002000) -- CPU_ReadMem(4 bytes @ 0xE0001000) -- CPU_WriteMem(4 bytes @ 0xE0001028) -- CPU_WriteMem(4 bytes @ 0xE0001038) -- CPU_WriteMem(4 bytes @ 0xE0001048) -- CPU_WriteMem(4 bytes @ 0xE0001058) (0005ms, 1008ms total)
T200C 001:427 JLINK_IsHalted()  returns TRUE (0005ms, 1013ms total)
T200C 001:432 JLINK_ReadMemU32(0xE000EDFC, 0x0001 Items, ...) - Data: 00 00 00 01  returns 0x01 (0000ms, 1008ms total)
T200C 001:432 JLINK_WriteU32(0xE000EDFC, 0x01000000)  returns 0x00 (0000ms, 1008ms total)
T200C 001:432 JLINK_WriteVectorCatch(0x00000000)  returns 0x00 (0000ms, 1008ms total)
T200C 001:432 JLINK_WriteU32(0xE0001028, 0x00000000)  returns 0x00 (0000ms, 1008ms total)
T200C 001:432 JLINK_WriteU32(0xE0001038, 0x00000000)  returns 0x00 (0000ms, 1008ms total)
T200C 001:432 JLINK_WriteU32(0xE0001048, 0x00000000)  returns 0x00 (0000ms, 1008ms total)
T200C 001:432 JLINK_WriteU32(0xE0001058, 0x00000000)  returns 0x00 (0000ms, 1008ms total)
T200C 001:432 JLINK_ReadRegs(NumRegs = 1, Indexes: 15) -- R15 (PC)=0xF28  returns 0x00 (0000ms, 1008ms total)
T200C 001:432 JLINK_ReadMemU16(0x00000F28, 0x0001 Items, ...) -- CPU_ReadMem(2 bytes @ 0x00000F28) - Data: FE E7  returns 0x01 (0001ms, 1009ms total)
T200C 001:433 JLINK_ReadMemU32(0x20000040, 0x0005 Items, ...) -- CPU_ReadMem(64 bytes @ 0x20000040) -- Updating C cache (64 bytes @ 0x20000040) -- Read from C cache (20 bytes @ 0x20000040) - Data: 00 10 00 60 00 00 00 00 00 00 00 00 00 00 20 20 ...  returns 0x05 (0001ms, 1010ms total)
T200C 001:435 JLINK_BeginDownload(Flags = 0x01) (0000ms, 1010ms total)
T200C 001:435 JLINK_WriteMem(0x20200000, 0x0038 Bytes, ...) - Data: 00 20 00 60 00 10 00 00 00 30 00 60 00 10 00 00 ... -- CPU_WriteMem(56 bytes @ 0x20200000)  returns 0x38 (0001ms, 1011ms total)
T200C 001:436 JLINK_EndDownload()  returns 0x00 (0000ms, 1011ms total)
T200C 001:436 JLINK_BeginDownload(Flags = 0x01) (0000ms, 1011ms total)
T200C 001:436 JLINK_WriteMem(0x20000040, 0x0014 Bytes, ...) - Data: 00 00 00 00 07 00 00 00 00 00 00 00 00 00 20 20 ... -- CPU_WriteMem(20 bytes @ 0x20000040)  returns 0x14 (0001ms, 1012ms total)
T200C 001:437 JLINK_EndDownload()  returns 0x00 (0000ms, 1012ms total)
T200C 001:437 JLINK_WriteReg(R15 (PC), 0x0000102C)  returns 0x00 (0000ms, 1012ms total)
T200C 001:437 JLINK_ReadRegs(NumRegs = 1, Indexes: 0) -- R0=0x00  returns 0x00 (0000ms, 1012ms total)
T200C 001:437 JLINK_ReadRegs(NumRegs = 1, Indexes: 1) -- R1=0x20000068  returns 0x00 (0000ms, 1012ms total)
T200C 001:437 JLINK_ReadRegs(NumRegs = 1, Indexes: 2) -- R2=0x00  returns 0x00 (0000ms, 1012ms total)
T200C 001:437 JLINK_ReadRegs(NumRegs = 1, Indexes: 3) -- R3=0x200007E4  returns 0x00 (0000ms, 1012ms total)
T200C 001:437 JLINK_ReadRegs(NumRegs = 1, Indexes: 4) -- R4=0x00  returns 0x00 (0000ms, 1012ms total)
T200C 001:437 JLINK_ReadRegs(NumRegs = 1, Indexes: 5) -- R5=0x00  returns 0x00 (0000ms, 1012ms total)
T200C 001:437 JLINK_ReadRegs(NumRegs = 1, Indexes: 6) -- R6=0x00  returns 0x00 (0000ms, 1012ms total)
T200C 001:437 JLINK_ReadRegs(NumRegs = 1, Indexes: 7) -- R7=0x00  returns 0x00 (0000ms, 1012ms total)
T200C 001:437 JLINK_ReadRegs(NumRegs = 1, Indexes: 8) -- R8=0x00  returns 0x00 (0000ms, 1012ms total)
T200C 001:437 JLINK_ReadRegs(NumRegs = 1, Indexes: 9) -- R9=0x00  returns 0x00 (0000ms, 1012ms total)
T200C 001:437 JLINK_ReadRegs(NumRegs = 1, Indexes: 10) -- R10=0x00  returns 0x00 (0000ms, 1012ms total)
T200C 001:437 JLINK_ReadRegs(NumRegs = 1, Indexes: 11) -- R11=0x00  returns 0x00 (0000ms, 1012ms total)
T200C 001:437 JLINK_ReadRegs(NumRegs = 1, Indexes: 12) -- R12=0x80A  returns 0x00 (0000ms, 1012ms total)
T200C 001:437 JLINK_ReadRegs(NumRegs = 1, Indexes: 17) -- MSP=0x20000878  returns 0x00 (0000ms, 1012ms total)
T200C 001:437 JLINK_ReadRegs(NumRegs = 1, Indexes: 18) -- PSP=0x00  returns 0x00 (0000ms, 1012ms total)
T200C 001:438 JLINK_ReadRegs(NumRegs = 1, Indexes: 14) -- R14=0x102D  returns 0x00 (0000ms, 1013ms total)
T200C 001:438 JLINK_ReadRegs(NumRegs = 1, Indexes: 15) -- R15 (PC)=0x102C  returns 0x00 (0000ms, 1013ms total)
T200C 001:438 JLINK_ReadRegs(NumRegs = 1, Indexes: 16) -- XPSR=0x61000000  returns 0x00 (0000ms, 1013ms total)
T200C 001:438 JLINK_ReadRegs(NumRegs = 1, Indexes: 20) -- CFBP=0x00  returns 0x00 (0000ms, 1013ms total)
T200C 001:438 JLINK_WriteReg(XPSR, 0x61000000)  returns 0x00 (0000ms, 1013ms total)
T200C 001:438 JLINK_ReadRegs(NumRegs = 1, Indexes: 15) -- R15 (PC)=0x102C  returns 0x00 (0000ms, 1013ms total)
T200C 001:438 JLINK_ReadMemU16(0x0000102C, 0x0001 Items, ...) -- CPU_ReadMem(2 bytes @ 0x0000102C) - Data: FF F7  returns 0x01 (0001ms, 1014ms total)
T200C 001:439 JLINK_WriteVectorCatch(0x00000000)  returns 0x00 (0000ms, 1014ms total)
T200C 001:439 JLINK_ReadMemU32(0xE000EDFC, 0x0001 Items, ...) - Data: 00 00 00 01  returns 0x01 (0000ms, 1014ms total)
T200C 001:439 JLINK_WriteU32(0xE000EDFC, 0x01000000)  returns 0x00 (0000ms, 1014ms total)
T200C 001:439 JLINK_WriteU32(0xE0001028, 0x00000000)  returns 0x00 (0000ms, 1014ms total)
T200C 001:439 JLINK_WriteU32(0xE0001038, 0x00000000)  returns 0x00 (0000ms, 1014ms total)
T200C 001:439 JLINK_WriteU32(0xE0001048, 0x00000000)  returns 0x00 (0000ms, 1014ms total)
T200C 001:439 JLINK_WriteU32(0xE0001058, 0x00000000)  returns 0x00 (0000ms, 1014ms total)
T200C 001:439 JLINK_Go() -- CPU_WriteMem(4 bytes @ 0xE0002000) -- CPU_ReadMem(4 bytes @ 0xE0001000) -- CPU_WriteMem(4 bytes @ 0xE0001028) -- CPU_WriteMem(4 bytes @ 0xE0001038) -- CPU_WriteMem(4 bytes @ 0xE0001048) -- CPU_WriteMem(4 bytes @ 0xE0001058) (0005ms, 1019ms total)
T200C 001:445 JLINK_IsHalted()  returns FALSE (0001ms, 1020ms total)
T200C 001:447 JLINK_IsHalted()  returns FALSE (0001ms, 1020ms total)
T200C 001:449 JLINK_IsHalted()  returns FALSE (0001ms, 1020ms total)
T200C 001:451 JLINK_IsHalted()  returns FALSE (0001ms, 1020ms total)
T200C 001:453 JLINK_IsHalted()  returns FALSE (0001ms, 1020ms total)
T200C 001:455 JLINK_IsHalted()  returns FALSE (0001ms, 1020ms total)
T200C 001:457 JLINK_IsHalted()  returns FALSE (0001ms, 1020ms total)
T200C 001:459 JLINK_IsHalted()  returns FALSE (0001ms, 1021ms total)
T200C 001:461 JLINK_IsHalted()  returns FALSE (0001ms, 1021ms total)
T200C 001:464 JLINK_IsHalted()  returns FALSE (0000ms, 1020ms total)
T200C 001:466 JLINK_IsHalted()  returns FALSE (0000ms, 1020ms total)
T200C 001:468 JLINK_IsHalted()  returns FALSE (0000ms, 1020ms total)
T200C 001:470 JLINK_IsHalted()  returns FALSE (0000ms, 1020ms total)
T200C 001:472 JLINK_IsHalted()  returns FALSE (0000ms, 1020ms total)
T200C 001:474 JLINK_IsHalted()  returns FALSE (0000ms, 1020ms total)
T200C 001:476 JLINK_IsHalted()  returns FALSE (0000ms, 1020ms total)
T200C 001:478 JLINK_IsHalted()  returns FALSE (0001ms, 1021ms total)
T200C 001:481 JLINK_IsHalted()  returns FALSE (0000ms, 1020ms total)
T200C 001:483 JLINK_IsHalted()  returns FALSE (0000ms, 1020ms total)
T200C 001:485 JLINK_IsHalted()  returns FALSE (0000ms, 1020ms total)
T200C 001:487 JLINK_IsHalted()  returns FALSE (0000ms, 1020ms total)
T200C 001:489 JLINK_IsHalted()  returns FALSE (0001ms, 1021ms total)
T200C 001:491 JLINK_IsHalted()  returns FALSE (0001ms, 1021ms total)
T200C 001:493 JLINK_IsHalted()  returns FALSE (0001ms, 1021ms total)
T200C 001:495 JLINK_IsHalted()  returns FALSE (0001ms, 1021ms total)
T200C 001:497 JLINK_IsHalted()  returns FALSE (0001ms, 1021ms total)
T200C 001:499 JLINK_IsHalted()  returns FALSE (0001ms, 1021ms total)
T200C 001:501 JLINK_IsHalted()  returns FALSE (0001ms, 1021ms total)
T200C 001:503 JLINK_IsHalted()  returns FALSE (0001ms, 1021ms total)
T200C 001:506 JLINK_IsHalted()  returns FALSE (0000ms, 1020ms total)
T200C 001:508 JLINK_IsHalted()  returns FALSE (0000ms, 1020ms total)
T200C 001:510 JLINK_IsHalted()  returns FALSE (0000ms, 1020ms total)
T200C 001:512 JLINK_IsHalted()  returns FALSE (0000ms, 1020ms total)
T200C 001:514 JLINK_IsHalted()  returns FALSE (0001ms, 1021ms total)
T200C 001:516 JLINK_IsHalted()  returns FALSE (0000ms, 1020ms total)
T200C 001:519 JLINK_IsHalted()  returns FALSE (0000ms, 1020ms total)
T200C 001:521 JLINK_IsHalted()  returns FALSE (0000ms, 1020ms total)
T200C 001:523 JLINK_IsHalted()  returns FALSE (0000ms, 1020ms total)
T200C 001:525 JLINK_IsHalted()  returns FALSE (0000ms, 1020ms total)
T200C 001:527 JLINK_IsHalted()  returns FALSE (0001ms, 1021ms total)
T200C 001:529 JLINK_IsHalted()  returns FALSE (0001ms, 1021ms total)
T200C 001:532 JLINK_IsHalted()  returns FALSE (0000ms, 1020ms total)
T200C 001:534 JLINK_IsHalted()  returns FALSE (0000ms, 1020ms total)
T200C 001:536 JLINK_IsHalted()  returns FALSE (0000ms, 1020ms total)
T200C 001:538 JLINK_IsHalted()  returns FALSE (0000ms, 1020ms total)
T200C 001:540 JLINK_IsHalted()  returns FALSE (0000ms, 1020ms total)
T200C 001:542 JLINK_IsHalted()  returns FALSE (0001ms, 1021ms total)
T200C 001:544 JLINK_IsHalted()  returns FALSE (0001ms, 1021ms total)
T200C 001:546 JLINK_IsHalted()  returns FALSE (0001ms, 1021ms total)
T200C 001:549 JLINK_IsHalted()  returns FALSE (0000ms, 1020ms total)
T200C 001:551 JLINK_IsHalted()  returns FALSE (0001ms, 1021ms total)
T200C 001:554 JLINK_IsHalted()  returns FALSE (0000ms, 1020ms total)
T200C 001:556 JLINK_IsHalted()  returns FALSE (0000ms, 1020ms total)
T200C 001:558 JLINK_IsHalted()  returns FALSE (0000ms, 1020ms total)
T200C 001:560 JLINK_IsHalted()  returns FALSE (0000ms, 1020ms total)
T200C 001:562 JLINK_IsHalted()  returns FALSE (0001ms, 1021ms total)
T200C 001:564 JLINK_IsHalted()  returns FALSE (0000ms, 1020ms total)
T200C 001:566 JLINK_IsHalted()  returns FALSE (0001ms, 1021ms total)
T200C 001:568 JLINK_IsHalted()  returns FALSE (0000ms, 1020ms total)
T200C 001:570 JLINK_IsHalted()  returns FALSE (0000ms, 1020ms total)
T200C 001:572 JLINK_IsHalted()  returns FALSE (0000ms, 1020ms total)
T200C 001:574 JLINK_IsHalted()  returns FALSE (0000ms, 1020ms total)
T200C 001:576 JLINK_IsHalted()  returns FALSE (0000ms, 1020ms total)
T200C 001:578 JLINK_IsHalted()  returns FALSE (0000ms, 1020ms total)
T200C 001:580 JLINK_IsHalted()  returns FALSE (0000ms, 1020ms total)
T200C 001:582 JLINK_IsHalted()  returns FALSE (0000ms, 1020ms total)
T200C 001:584 JLINK_IsHalted()  returns FALSE (0000ms, 1020ms total)
T200C 001:586 JLINK_IsHalted()  returns FALSE (0000ms, 1020ms total)
T200C 001:588 JLINK_IsHalted()  returns FALSE (0000ms, 1020ms total)
T200C 001:590 JLINK_IsHalted()  returns FALSE (0000ms, 1020ms total)
T200C 001:592 JLINK_IsHalted()  returns FALSE (0001ms, 1021ms total)
T200C 001:594 JLINK_IsHalted()  returns FALSE (0001ms, 1021ms total)
T200C 001:596 JLINK_IsHalted()  returns FALSE (0001ms, 1021ms total)
T200C 001:598 JLINK_IsHalted()  returns FALSE (0001ms, 1021ms total)
T200C 001:601 JLINK_IsHalted()  returns FALSE (0000ms, 1020ms total)
T200C 001:603 JLINK_IsHalted()  returns FALSE (0000ms, 1020ms total)
T200C 001:605 JLINK_IsHalted()  returns FALSE (0000ms, 1020ms total)
T200C 001:606 JLINK_IsHalted()  returns FALSE (0001ms, 1021ms total)
T200C 001:608 JLINK_IsHalted()  returns FALSE (0001ms, 1021ms total)
T200C 001:610 JLINK_IsHalted()  returns FALSE (0001ms, 1021ms total)
T200C 001:612 JLINK_IsHalted()  returns FALSE (0001ms, 1021ms total)
T200C 001:614 JLINK_IsHalted()  returns FALSE (0001ms, 1021ms total)
T200C 001:616 JLINK_IsHalted()  returns FALSE (0001ms, 1021ms total)
T200C 001:618 JLINK_IsHalted()  returns FALSE (0001ms, 1021ms total)
T200C 001:621 JLINK_IsHalted()  returns FALSE (0000ms, 1020ms total)
T200C 001:623 JLINK_IsHalted()  returns FALSE (0000ms, 1020ms total)
T200C 001:625 JLINK_IsHalted()  returns FALSE (0000ms, 1020ms total)
T200C 001:627 JLINK_IsHalted()  returns FALSE (0000ms, 1020ms total)
T200C 001:629 JLINK_IsHalted()  returns FALSE (0000ms, 1020ms total)
T200C 001:631 JLINK_IsHalted()  returns FALSE (0000ms, 1020ms total)
T200C 001:633 JLINK_IsHalted()  returns FALSE (0001ms, 1021ms total)
T200C 001:636 JLINK_IsHalted()  returns FALSE (0000ms, 1020ms total)
T200C 001:637 JLINK_IsHalted()  returns FALSE (0001ms, 1021ms total)
T200C 001:639 JLINK_IsHalted()  returns FALSE (0001ms, 1021ms total)
T200C 001:642 JLINK_IsHalted()  returns FALSE (0001ms, 1021ms total)
T200C 001:644 JLINK_IsHalted()  returns FALSE (0000ms, 1020ms total)
T200C 001:646 JLINK_IsHalted()  returns FALSE (0001ms, 1021ms total)
T200C 001:649 JLINK_IsHalted()  returns FALSE (0000ms, 1020ms total)
T200C 001:651 JLINK_IsHalted()  returns FALSE (0000ms, 1020ms total)
T200C 001:653 JLINK_IsHalted()  returns FALSE (0000ms, 1020ms total)
T200C 001:654 JLINK_IsHalted()  returns FALSE (0001ms, 1021ms total)
T200C 001:657 JLINK_IsHalted()  returns FALSE (0000ms, 1020ms total)
T200C 001:659 JLINK_IsHalted()  returns FALSE (0001ms, 1021ms total)
T200C 001:662 JLINK_IsHalted()  returns FALSE (0000ms, 1020ms total)
T200C 001:664 JLINK_IsHalted()  returns FALSE (0001ms, 1021ms total)
T200C 001:666 JLINK_IsHalted()  returns FALSE (0001ms, 1021ms total)
T200C 001:669 JLINK_IsHalted()  returns FALSE (0000ms, 1020ms total)
T200C 001:671 JLINK_IsHalted()  returns FALSE (0000ms, 1020ms total)
T200C 001:673 JLINK_IsHalted()  returns FALSE (0000ms, 1020ms total)
T200C 001:675 JLINK_IsHalted()  returns FALSE (0001ms, 1021ms total)
T200C 001:677 JLINK_IsHalted()  returns FALSE (0001ms, 1021ms total)
T200C 001:679 JLINK_IsHalted()  returns FALSE (0001ms, 1021ms total)
T200C 001:681 JLINK_IsHalted()  returns FALSE (0001ms, 1021ms total)
T200C 001:683 JLINK_IsHalted()  returns FALSE (0001ms, 1021ms total)
T200C 001:685 JLINK_IsHalted()  returns FALSE (0000ms, 1020ms total)
T200C 001:687 JLINK_IsHalted()  returns FALSE (0000ms, 1020ms total)
T200C 001:689 JLINK_IsHalted()  returns FALSE (0000ms, 1020ms total)
T200C 001:691 JLINK_IsHalted()  returns FALSE (0000ms, 1020ms total)
T200C 001:693 JLINK_IsHalted()  returns FALSE (0000ms, 1020ms total)
T200C 001:695 JLINK_IsHalted()  returns FALSE (0000ms, 1020ms total)
T200C 001:696 JLINK_IsHalted()  returns FALSE (0001ms, 1021ms total)
T200C 001:698 JLINK_IsHalted()  returns FALSE (0001ms, 1021ms total)
T200C 001:700 JLINK_IsHalted()  returns FALSE (0001ms, 1021ms total)
T200C 001:702 JLINK_IsHalted()  returns FALSE (0001ms, 1021ms total)
T200C 001:704 JLINK_IsHalted()  returns FALSE (0001ms, 1021ms total)
T200C 001:707 JLINK_IsHalted()  returns FALSE (0000ms, 1020ms total)
T200C 001:709 JLINK_IsHalted()  returns FALSE (0000ms, 1020ms total)
T200C 001:711 JLINK_IsHalted()  returns FALSE (0000ms, 1020ms total)
T200C 001:713 JLINK_IsHalted()  returns FALSE (0000ms, 1020ms total)
T200C 001:715 JLINK_IsHalted()  returns FALSE (0000ms, 1020ms total)
T200C 001:717 JLINK_IsHalted()  returns FALSE (0000ms, 1020ms total)
T200C 001:719 JLINK_IsHalted()  returns FALSE (0000ms, 1020ms total)
T200C 001:721 JLINK_IsHalted()  returns FALSE (0000ms, 1020ms total)
T200C 001:723 JLINK_IsHalted()  returns FALSE (0001ms, 1021ms total)
T200C 001:726 JLINK_IsHalted()  returns FALSE (0000ms, 1020ms total)
T200C 001:728 JLINK_IsHalted()  returns TRUE (0004ms, 1024ms total)
T200C 001:732 JLINK_ReadMemU32(0xE000EDFC, 0x0001 Items, ...) - Data: 00 00 00 01  returns 0x01 (0000ms, 1020ms total)
T200C 001:732 JLINK_WriteU32(0xE000EDFC, 0x01000000)  returns 0x00 (0000ms, 1020ms total)
T200C 001:732 JLINK_WriteVectorCatch(0x00000000)  returns 0x00 (0000ms, 1020ms total)
T200C 001:732 JLINK_WriteU32(0xE0001028, 0x00000000)  returns 0x00 (0000ms, 1020ms total)
T200C 001:732 JLINK_WriteU32(0xE0001038, 0x00000000)  returns 0x00 (0000ms, 1020ms total)
T200C 001:732 JLINK_WriteU32(0xE0001048, 0x00000000)  returns 0x00 (0000ms, 1020ms total)
T200C 001:732 JLINK_WriteU32(0xE0001058, 0x00000000)  returns 0x00 (0000ms, 1020ms total)
T200C 001:732 JLINK_ReadRegs(NumRegs = 1, Indexes: 15) -- R15 (PC)=0xF28  returns 0x00 (0000ms, 1020ms total)
T200C 001:732 JLINK_ReadMemU16(0x00000F28, 0x0001 Items, ...) -- CPU_ReadMem(2 bytes @ 0x00000F28) - Data: FE E7  returns 0x01 (0001ms, 1021ms total)
T200C 001:733 JLINK_ReadMemU32(0x20000040, 0x0005 Items, ...) -- CPU_ReadMem(64 bytes @ 0x20000040) -- Updating C cache (64 bytes @ 0x20000040) -- Read from C cache (20 bytes @ 0x20000040) - Data: 00 00 00 00 00 00 00 00 00 00 00 00 00 00 20 20 ...  returns 0x05 (0001ms, 1022ms total)
T200C 001:735 JLINK_BeginDownload(Flags = 0x01) (0000ms, 1022ms total)
T200C 001:735 JLINK_WriteMem(0x20200000, 0x6900 Bytes, ...) - Data: 00 00 02 20 A1 84 00 60 23 3F 00 60 2B 3F 00 60 ... -- CPU_WriteMem(26880 bytes @ 0x20200000)  returns 0x6900 (0254ms, 1276ms total)
T200C 001:990 JLINK_EndDownload()  returns 0x00 (0000ms, 1276ms total)
T200C 001:990 JLINK_BeginDownload(Flags = 0x01) (0000ms, 1276ms total)
T200C 001:990 JLINK_WriteMem(0x20000040, 0x0014 Bytes, ...) - Data: 00 20 00 60 00 69 00 00 00 00 00 00 00 00 20 20 ... -- CPU_WriteMem(20 bytes @ 0x20000040)  returns 0x14 (0000ms, 1276ms total)
T200C 001:990 JLINK_EndDownload()  returns 0x00 (0000ms, 1276ms total)
T200C 001:991 JLINK_WriteReg(R15 (PC), 0x00001024)  returns 0x00 (0000ms, 1277ms total)
T200C 001:991 JLINK_ReadRegs(NumRegs = 1, Indexes: 0) -- R0=0x00  returns 0x00 (0000ms, 1277ms total)
T200C 001:991 JLINK_ReadRegs(NumRegs = 1, Indexes: 1) -- R1=0x07  returns 0x00 (0000ms, 1277ms total)
T200C 001:991 JLINK_ReadRegs(NumRegs = 1, Indexes: 2) -- R2=0x00  returns 0x00 (0000ms, 1277ms total)
T200C 001:991 JLINK_ReadRegs(NumRegs = 1, Indexes: 3) -- R3=0x20000814  returns 0x00 (0000ms, 1277ms total)
T200C 001:991 JLINK_ReadRegs(NumRegs = 1, Indexes: 4) -- R4=0x00  returns 0x00 (0000ms, 1277ms total)
T200C 001:991 JLINK_ReadRegs(NumRegs = 1, Indexes: 5) -- R5=0x00  returns 0x00 (0000ms, 1277ms total)
T200C 001:991 JLINK_ReadRegs(NumRegs = 1, Indexes: 6) -- R6=0x00  returns 0x00 (0000ms, 1277ms total)
T200C 001:991 JLINK_ReadRegs(NumRegs = 1, Indexes: 7) -- R7=0x00  returns 0x00 (0000ms, 1277ms total)
T200C 001:991 JLINK_ReadRegs(NumRegs = 1, Indexes: 8) -- R8=0x00  returns 0x00 (0000ms, 1277ms total)
T200C 001:991 JLINK_ReadRegs(NumRegs = 1, Indexes: 9) -- R9=0x00  returns 0x00 (0000ms, 1277ms total)
T200C 001:991 JLINK_ReadRegs(NumRegs = 1, Indexes: 10) -- R10=0x00  returns 0x00 (0000ms, 1277ms total)
T200C 001:991 JLINK_ReadRegs(NumRegs = 1, Indexes: 11) -- R11=0x00  returns 0x00 (0000ms, 1277ms total)
T200C 001:991 JLINK_ReadRegs(NumRegs = 1, Indexes: 12) -- R12=0x80A  returns 0x00 (0000ms, 1277ms total)
T200C 001:991 JLINK_ReadRegs(NumRegs = 1, Indexes: 17) -- MSP=0x20000878  returns 0x00 (0000ms, 1277ms total)
T200C 001:991 JLINK_ReadRegs(NumRegs = 1, Indexes: 18) -- PSP=0x00  returns 0x00 (0000ms, 1277ms total)
T200C 001:991 JLINK_ReadRegs(NumRegs = 1, Indexes: 14) -- R14=0x1035  returns 0x00 (0000ms, 1277ms total)
T200C 001:991 JLINK_ReadRegs(NumRegs = 1, Indexes: 15) -- R15 (PC)=0x1024  returns 0x00 (0000ms, 1277ms total)
T200C 001:991 JLINK_ReadRegs(NumRegs = 1, Indexes: 16) -- XPSR=0x61000000  returns 0x00 (0000ms, 1277ms total)
T200C 001:991 JLINK_ReadRegs(NumRegs = 1, Indexes: 20) -- CFBP=0x00  returns 0x00 (0000ms, 1277ms total)
T200C 001:991 JLINK_WriteReg(XPSR, 0x61000000)  returns 0x00 (0000ms, 1277ms total)
T200C 001:991 JLINK_ReadRegs(NumRegs = 1, Indexes: 15) -- R15 (PC)=0x1024  returns 0x00 (0001ms, 1278ms total)
T200C 001:992 JLINK_ReadMemU16(0x00001024, 0x0001 Items, ...) -- CPU_ReadMem(2 bytes @ 0x00001024) - Data: FF F7  returns 0x01 (0000ms, 1278ms total)
T200C 001:992 JLINK_WriteVectorCatch(0x00000000)  returns 0x00 (0000ms, 1278ms total)
T200C 001:992 JLINK_ReadMemU32(0xE000EDFC, 0x0001 Items, ...) - Data: 00 00 00 01  returns 0x01 (0000ms, 1278ms total)
T200C 001:992 JLINK_WriteU32(0xE000EDFC, 0x01000000)  returns 0x00 (0000ms, 1278ms total)
T200C 001:992 JLINK_WriteU32(0xE0001028, 0x00000000)  returns 0x00 (0000ms, 1278ms total)
T200C 001:992 JLINK_WriteU32(0xE0001038, 0x00000000)  returns 0x00 (0000ms, 1278ms total)
T200C 001:992 JLINK_WriteU32(0xE0001048, 0x00000000)  returns 0x00 (0000ms, 1278ms total)
T200C 001:992 JLINK_WriteU32(0xE0001058, 0x00000000)  returns 0x00 (0000ms, 1278ms total)
T200C 001:992 JLINK_Go() -- CPU_WriteMem(4 bytes @ 0xE0002000) -- CPU_ReadMem(4 bytes @ 0xE0001000) -- CPU_WriteMem(4 bytes @ 0xE0001028) -- CPU_WriteMem(4 bytes @ 0xE0001038) -- CPU_WriteMem(4 bytes @ 0xE0001048) -- CPU_WriteMem(4 bytes @ 0xE0001058) (0005ms, 1283ms total)
T200C 001:998 JLINK_IsHalted()  returns FALSE (0001ms, 1284ms total)
T200C 002:000 JLINK_IsHalted()  returns FALSE (0001ms, 1284ms total)
T200C 002:002 JLINK_IsHalted()  returns FALSE (0000ms, 1283ms total)
T200C 002:004 JLINK_IsHalted()  returns FALSE (0001ms, 1284ms total)
T200C 002:006 JLINK_IsHalted()  returns FALSE (0001ms, 1284ms total)
T200C 002:008 JLINK_IsHalted()  returns FALSE (0001ms, 1284ms total)
T200C 002:011 JLINK_IsHalted()  returns FALSE (0000ms, 1283ms total)
T200C 002:013 JLINK_IsHalted()  returns FALSE (0000ms, 1283ms total)
T200C 002:015 JLINK_IsHalted()  returns FALSE (0001ms, 1284ms total)
T200C 002:018 JLINK_IsHalted()  returns FALSE (0000ms, 1283ms total)
T200C 002:020 JLINK_IsHalted()  returns FALSE (0001ms, 1284ms total)
T200C 002:023 JLINK_IsHalted()  returns FALSE (0000ms, 1283ms total)
T200C 002:025 JLINK_IsHalted()  returns FALSE (0000ms, 1283ms total)
T200C 002:027 JLINK_IsHalted()  returns FALSE (0000ms, 1283ms total)
T200C 002:029 JLINK_IsHalted()  returns FALSE (0000ms, 1283ms total)
T200C 002:031 JLINK_IsHalted()  returns FALSE (0000ms, 1283ms total)
T200C 002:033 JLINK_IsHalted()  returns FALSE (0000ms, 1283ms total)
T200C 002:035 JLINK_IsHalted()  returns TRUE (0004ms, 1287ms total)
T200C 002:039 JLINK_ReadMemU32(0xE000EDFC, 0x0001 Items, ...) - Data: 00 00 00 01  returns 0x01 (0000ms, 1283ms total)
T200C 002:039 JLINK_WriteU32(0xE000EDFC, 0x01000000)  returns 0x00 (0000ms, 1283ms total)
T200C 002:039 JLINK_WriteVectorCatch(0x00000000)  returns 0x00 (0000ms, 1283ms total)
T200C 002:039 JLINK_WriteU32(0xE0001028, 0x00000000)  returns 0x00 (0001ms, 1284ms total)
T200C 002:040 JLINK_WriteU32(0xE0001038, 0x00000000)  returns 0x00 (0000ms, 1284ms total)
T200C 002:040 JLINK_WriteU32(0xE0001048, 0x00000000)  returns 0x00 (0000ms, 1284ms total)
T200C 002:040 JLINK_WriteU32(0xE0001058, 0x00000000)  returns 0x00 (0000ms, 1284ms total)
T200C 002:040 JLINK_ReadRegs(NumRegs = 1, Indexes: 15) -- R15 (PC)=0xF28  returns 0x00 (0000ms, 1284ms total)
T200C 002:040 JLINK_ReadMemU16(0x00000F28, 0x0001 Items, ...) -- CPU_ReadMem(2 bytes @ 0x00000F28) - Data: FE E7  returns 0x01 (0000ms, 1284ms total)
T200C 002:041 JLINK_ReadMemU32(0x20000040, 0x0005 Items, ...) -- CPU_ReadMem(64 bytes @ 0x20000040) -- Updating C cache (64 bytes @ 0x20000040) -- Read from C cache (20 bytes @ 0x20000040) - Data: 00 20 00 60 00 00 00 00 00 00 00 00 00 00 20 20 ...  returns 0x05 (0001ms, 1285ms total)
T200C 002:042 JLINK_WriteReg(R15 (PC), 0x00001034)  returns 0x00 (0000ms, 1285ms total)
T200C 002:042 JLINK_ReadRegs(NumRegs = 1, Indexes: 0) -- R0=0x00  returns 0x00 (0000ms, 1285ms total)
T200C 002:042 JLINK_ReadRegs(NumRegs = 1, Indexes: 1) -- R1=0x20000068  returns 0x00 (0000ms, 1285ms total)
T200C 002:042 JLINK_ReadRegs(NumRegs = 1, Indexes: 2) -- R2=0x00  returns 0x00 (0000ms, 1285ms total)
T200C 002:042 JLINK_ReadRegs(NumRegs = 1, Indexes: 3) -- R3=0x200007E4  returns 0x00 (0000ms, 1285ms total)
T200C 002:042 JLINK_ReadRegs(NumRegs = 1, Indexes: 4) -- R4=0x00  returns 0x00 (0000ms, 1285ms total)
T200C 002:042 JLINK_ReadRegs(NumRegs = 1, Indexes: 5) -- R5=0x00  returns 0x00 (0000ms, 1285ms total)
T200C 002:042 JLINK_ReadRegs(NumRegs = 1, Indexes: 6) -- R6=0x00  returns 0x00 (0000ms, 1285ms total)
T200C 002:042 JLINK_ReadRegs(NumRegs = 1, Indexes: 7) -- R7=0x00  returns 0x00 (0000ms, 1285ms total)
T200C 002:042 JLINK_ReadRegs(NumRegs = 1, Indexes: 8) -- R8=0x00  returns 0x00 (0000ms, 1285ms total)
T200C 002:042 JLINK_ReadRegs(NumRegs = 1, Indexes: 9) -- R9=0x00  returns 0x00 (0000ms, 1285ms total)
T200C 002:042 JLINK_ReadRegs(NumRegs = 1, Indexes: 10) -- R10=0x00  returns 0x00 (0000ms, 1285ms total)
T200C 002:042 JLINK_ReadRegs(NumRegs = 1, Indexes: 11) -- R11=0x00  returns 0x00 (0000ms, 1285ms total)
T200C 002:042 JLINK_ReadRegs(NumRegs = 1, Indexes: 12) -- R12=0x80A  returns 0x00 (0000ms, 1285ms total)
T200C 002:042 JLINK_ReadRegs(NumRegs = 1, Indexes: 17) -- MSP=0x20000878  returns 0x00 (0000ms, 1285ms total)
T200C 002:042 JLINK_ReadRegs(NumRegs = 1, Indexes: 18) -- PSP=0x00  returns 0x00 (0000ms, 1285ms total)
T200C 002:042 JLINK_ReadRegs(NumRegs = 1, Indexes: 14) -- R14=0x102D  returns 0x00 (0000ms, 1285ms total)
T200C 002:042 JLINK_ReadRegs(NumRegs = 1, Indexes: 15) -- R15 (PC)=0x1034  returns 0x00 (0000ms, 1285ms total)
T200C 002:042 JLINK_ReadRegs(NumRegs = 1, Indexes: 16) -- XPSR=0x61000000  returns 0x00 (0000ms, 1285ms total)
T200C 002:042 JLINK_ReadRegs(NumRegs = 1, Indexes: 20) -- CFBP=0x00  returns 0x00 (0000ms, 1285ms total)
T200C 002:042 JLINK_WriteReg(XPSR, 0x61000000)  returns 0x00 (0000ms, 1285ms total)
T200C 002:043 JLINK_ReadRegs(NumRegs = 1, Indexes: 15) -- R15 (PC)=0x1034  returns 0x00 (0000ms, 1285ms total)
T200C 002:043 JLINK_ReadMemU16(0x00001034, 0x0001 Items, ...) -- CPU_ReadMem(2 bytes @ 0x00001034) - Data: FF F7  returns 0x01 (0000ms, 1285ms total)
T200C 002:043 JLINK_WriteVectorCatch(0x00000000)  returns 0x00 (0000ms, 1285ms total)
T200C 002:043 JLINK_ReadMemU32(0xE000EDFC, 0x0001 Items, ...) - Data: 00 00 00 01  returns 0x01 (0000ms, 1285ms total)
T200C 002:043 JLINK_WriteU32(0xE000EDFC, 0x01000000)  returns 0x00 (0000ms, 1285ms total)
T200C 002:043 JLINK_WriteU32(0xE0001028, 0x00000000)  returns 0x00 (0000ms, 1285ms total)
T200C 002:043 JLINK_WriteU32(0xE0001038, 0x00000000)  returns 0x00 (0000ms, 1285ms total)
T200C 002:043 JLINK_WriteU32(0xE0001048, 0x00000000)  returns 0x00 (0000ms, 1285ms total)
T200C 002:043 JLINK_WriteU32(0xE0001058, 0x00000000)  returns 0x00 (0000ms, 1285ms total)
T200C 002:043 JLINK_Go() -- CPU_WriteMem(4 bytes @ 0xE0002000) -- CPU_ReadMem(4 bytes @ 0xE0001000) -- CPU_WriteMem(4 bytes @ 0xE0001028) -- CPU_WriteMem(4 bytes @ 0xE0001038) -- CPU_WriteMem(4 bytes @ 0xE0001048) -- CPU_WriteMem(4 bytes @ 0xE0001058) (0005ms, 1290ms total)
T200C 002:050 JLINK_IsHalted()  returns TRUE (0004ms, 1294ms total)
T200C 002:054 JLINK_ReadMemU32(0xE000EDFC, 0x0001 Items, ...) - Data: 00 00 00 01  returns 0x01 (0000ms, 1290ms total)
T200C 002:054 JLINK_WriteU32(0xE000EDFC, 0x01000000)  returns 0x00 (0000ms, 1290ms total)
T200C 002:054 JLINK_WriteVectorCatch(0x00000000)  returns 0x00 (0000ms, 1290ms total)
T200C 002:054 JLINK_WriteU32(0xE0001028, 0x00000000)  returns 0x00 (0000ms, 1290ms total)
T200C 002:054 JLINK_WriteU32(0xE0001038, 0x00000000)  returns 0x00 (0000ms, 1290ms total)
T200C 002:054 JLINK_WriteU32(0xE0001048, 0x00000000)  returns 0x00 (0000ms, 1290ms total)
T200C 002:054 JLINK_WriteU32(0xE0001058, 0x00000000)  returns 0x00 (0000ms, 1290ms total)
T200C 002:055 JLINK_ReadRegs(NumRegs = 1, Indexes: 15) -- R15 (PC)=0xF28  returns 0x00 (0000ms, 1290ms total)
T200C 002:055 JLINK_ReadMemU16(0x00000F28, 0x0001 Items, ...) -- CPU_ReadMem(2 bytes @ 0x00000F28) - Data: FE E7  returns 0x01 (0000ms, 1290ms total)
T200C 002:055 JLINK_ReadMemU32(0x20000040, 0x0005 Items, ...) -- CPU_ReadMem(64 bytes @ 0x20000040) -- Updating C cache (64 bytes @ 0x20000040) -- Read from C cache (20 bytes @ 0x20000040) - Data: 00 20 00 60 00 00 00 00 00 00 00 00 00 00 20 20 ...  returns 0x05 (0001ms, 1291ms total)
T200C 002:057 JLINK_ReadRegs(NumRegs = 1, Indexes: 14) -- R14=0x103D  returns 0x00 (0000ms, 1291ms total)
T200C 002:057 JLINK_ReadRegs(NumRegs = 1, Indexes: 0) -- R0=0x00  returns 0x00 (0000ms, 1291ms total)
T200C 002:057 JLINK_ReadRegs(NumRegs = 1, Indexes: 1) -- R1=0x20000040  returns 0x00 (0000ms, 1291ms total)
T200C 002:057 JLINK_ReadRegs(NumRegs = 1, Indexes: 2) -- R2=0x1050  returns 0x00 (0000ms, 1291ms total)
T200C 002:057 JLINK_ReadRegs(NumRegs = 1, Indexes: 3) -- R3=0x200007E4  returns 0x00 (0000ms, 1291ms total)
T200C 002:057 JLINK_ReadRegs(NumRegs = 1, Indexes: 4) -- R4=0x00  returns 0x00 (0000ms, 1291ms total)
T200C 002:057 JLINK_ReadRegs(NumRegs = 1, Indexes: 5) -- R5=0x00  returns 0x00 (0000ms, 1291ms total)
T200C 002:057 JLINK_ReadRegs(NumRegs = 1, Indexes: 6) -- R6=0x00  returns 0x00 (0000ms, 1291ms total)
T200C 002:057 JLINK_ReadRegs(NumRegs = 1, Indexes: 7) -- R7=0x00  returns 0x00 (0000ms, 1291ms total)
T200C 002:057 JLINK_ReadRegs(NumRegs = 1, Indexes: 8) -- R8=0x00  returns 0x00 (0000ms, 1291ms total)
T200C 002:057 JLINK_ReadRegs(NumRegs = 1, Indexes: 9) -- R9=0x00  returns 0x00 (0000ms, 1291ms total)
T200C 002:057 JLINK_ReadRegs(NumRegs = 1, Indexes: 10) -- R10=0x00  returns 0x00 (0000ms, 1291ms total)
T200C 002:057 JLINK_ReadRegs(NumRegs = 1, Indexes: 11) -- R11=0x00  returns 0x00 (0000ms, 1291ms total)
T200C 002:057 JLINK_ReadRegs(NumRegs = 1, Indexes: 12) -- R12=0x80A  returns 0x00 (0000ms, 1291ms total)
T200C 002:057 JLINK_ReadRegs(NumRegs = 1, Indexes: 17) -- MSP=0x20000878  returns 0x00 (0000ms, 1291ms total)
T200C 002:057 JLINK_ReadRegs(NumRegs = 1, Indexes: 18) -- PSP=0x00  returns 0x00 (0000ms, 1291ms total)
T200C 002:057 JLINK_ReadRegs(NumRegs = 1, Indexes: 14) -- R14=0x103D  returns 0x00 (0000ms, 1291ms total)
T200C 002:057 JLINK_ReadRegs(NumRegs = 1, Indexes: 15) -- R15 (PC)=0xF28  returns 0x00 (0000ms, 1291ms total)
T200C 002:057 JLINK_ReadRegs(NumRegs = 1, Indexes: 16) -- XPSR=0x61000000  returns 0x00 (0000ms, 1291ms total)
T200C 002:057 JLINK_ReadRegs(NumRegs = 1, Indexes: 20) -- CFBP=0x00  returns 0x00 (0000ms, 1291ms total)
T27B4 002:096 JLINK_ClrBPEx(BPHandle = 0x00000001)  returns 0x00 (0000ms, 1291ms total)
T27B4 002:096 JLINK_WriteVectorCatch(0x00000000)  returns 0x00 (0000ms, 1291ms total)

Closed
